<?xml version="1.0" encoding="UTF-8" standalone="yes"?><!DOCTYPE report PUBLIC "-//JACOCO//DTD Report 1.1//EN" "report.dtd"><report name="code-coverage"><sessioninfo id="eb40ca106140-e7c5434c" start="1746003834649" dump="1746003835025"/><package name="mypackage"><class name="mypackage/OutputFormat" sourcefilename="OutputFormat.java"><method name="&lt;init&gt;" desc="()V" line="16"><counter type="INSTRUCTION" missed="0" covered="42"/><counter type="LINE" missed="0" covered="15"/><counter type="COMPLEXITY" missed="0" covered="1"/><counter type="METHOD" missed="0" covered="1"/></method><method name="&lt;init&gt;" desc="(Ljava/lang/String;)V" line="16"><counter type="INSTRUCTION" missed="0" covered="45"/><counter type="LINE" missed="0" covered="16"/><counter type="COMPLEXITY" missed="0" covered="1"/><counter type="METHOD" missed="0" covered="1"/></method><method name="&lt;init&gt;" desc="(Ljava/lang/String;Z)V" line="16"><counter type="INSTRUCTION" missed="0" covered="48"/><counter type="LINE" missed="0" covered="17"/><counter type="COMPLEXITY" missed="0" covered="1"/><counter type="METHOD" missed="0" covered="1"/></method><method name="&lt;init&gt;" desc="(Ljava/lang/String;ZLjava/lang/String;)V" line="16"><counter type="INSTRUCTION" missed="0" covered="51"/><counter type="LINE" missed="0" covered="18"/><counter type="COMPLEXITY" missed="0" covered="1"/><counter type="METHOD" missed="0" covered="1"/></method><method name="getLineSeparator" desc="()Ljava/lang/String;" line="132"><counter type="INSTRUCTION" missed="0" covered="3"/><counter type="LINE" missed="0" covered="1"/><counter type="COMPLEXITY" missed="0" covered="1"/><counter type="METHOD" missed="0" covered="1"/></method><method name="setLineSeparator" desc="(Ljava/lang/String;)V" line="145"><counter type="INSTRUCTION" missed="0" covered="4"/><counter type="LINE" missed="0" covered="2"/><counter type="COMPLEXITY" missed="0" covered="1"/><counter type="METHOD" missed="0" covered="1"/></method><method name="isNewlines" desc="()Z" line="149"><counter type="INSTRUCTION" missed="0" covered="3"/><counter type="LINE" missed="0" covered="1"/><counter type="COMPLEXITY" missed="0" covered="1"/><counter type="METHOD" missed="0" covered="1"/></method><method name="setNewlines" desc="(Z)V" line="158"><counter type="INSTRUCTION" missed="0" covered="4"/><counter type="LINE" missed="0" covered="2"/><counter type="COMPLEXITY" missed="0" covered="1"/><counter type="METHOD" missed="0" covered="1"/></method><method name="getEncoding" desc="()Ljava/lang/String;" line="162"><counter type="INSTRUCTION" missed="0" covered="3"/><counter type="LINE" missed="0" covered="1"/><counter type="COMPLEXITY" missed="0" covered="1"/><counter type="METHOD" missed="0" covered="1"/></method><method name="setEncoding" desc="(Ljava/lang/String;)V" line="169"><counter type="INSTRUCTION" missed="0" covered="6"/><counter type="BRANCH" missed="1" covered="1"/><counter type="LINE" missed="0" covered="3"/><counter type="COMPLEXITY" missed="1" covered="1"/><counter type="METHOD" missed="0" covered="1"/></method><method name="isOmitEncoding" desc="()Z" line="175"><counter type="INSTRUCTION" missed="0" covered="3"/><counter type="LINE" missed="0" covered="1"/><counter type="COMPLEXITY" missed="0" covered="1"/><counter type="METHOD" missed="0" covered="1"/></method><method name="setOmitEncoding" desc="(Z)V" line="188"><counter type="INSTRUCTION" missed="0" covered="4"/><counter type="LINE" missed="0" covered="2"/><counter type="COMPLEXITY" missed="0" covered="1"/><counter type="METHOD" missed="0" covered="1"/></method><method name="setSuppressDeclaration" desc="(Z)V" line="201"><counter type="INSTRUCTION" missed="0" covered="4"/><counter type="LINE" missed="0" covered="2"/><counter type="COMPLEXITY" missed="0" covered="1"/><counter type="METHOD" missed="0" covered="1"/></method><method name="isSuppressDeclaration" desc="()Z" line="210"><counter type="INSTRUCTION" missed="0" covered="3"/><counter type="LINE" missed="0" covered="1"/><counter type="COMPLEXITY" missed="0" covered="1"/><counter type="METHOD" missed="0" covered="1"/></method><method name="setNewLineAfterDeclaration" desc="(Z)V" line="221"><counter type="INSTRUCTION" missed="0" covered="4"/><counter type="LINE" missed="0" covered="2"/><counter type="COMPLEXITY" missed="0" covered="1"/><counter type="METHOD" missed="0" covered="1"/></method><method name="isNewLineAfterDeclaration" desc="()Z" line="228"><counter type="INSTRUCTION" missed="0" covered="3"/><counter type="LINE" missed="0" covered="1"/><counter type="COMPLEXITY" missed="0" covered="1"/><counter type="METHOD" missed="0" covered="1"/></method><method name="isExpandEmptyElements" desc="()Z" line="232"><counter type="INSTRUCTION" missed="0" covered="3"/><counter type="LINE" missed="0" covered="1"/><counter type="COMPLEXITY" missed="0" covered="1"/><counter type="METHOD" missed="0" covered="1"/></method><method name="setExpandEmptyElements" desc="(Z)V" line="244"><counter type="INSTRUCTION" missed="0" covered="4"/><counter type="LINE" missed="0" covered="2"/><counter type="COMPLEXITY" missed="0" covered="1"/><counter type="METHOD" missed="0" covered="1"/></method><method name="isTrimText" desc="()Z" line="248"><counter type="INSTRUCTION" missed="0" covered="3"/><counter type="LINE" missed="0" covered="1"/><counter type="COMPLEXITY" missed="0" covered="1"/><counter type="METHOD" missed="0" covered="1"/></method><method name="setTrimText" desc="(Z)V" line="258"><counter type="INSTRUCTION" missed="0" covered="4"/><counter type="LINE" missed="0" covered="2"/><counter type="COMPLEXITY" missed="0" covered="1"/><counter type="METHOD" missed="0" covered="1"/></method><method name="isPadText" desc="()Z" line="262"><counter type="INSTRUCTION" missed="0" covered="3"/><counter type="LINE" missed="0" covered="1"/><counter type="COMPLEXITY" missed="0" covered="1"/><counter type="METHOD" missed="0" covered="1"/></method><method name="setPadText" desc="(Z)V" line="286"><counter type="INSTRUCTION" missed="0" covered="4"/><counter type="LINE" missed="0" covered="2"/><counter type="COMPLEXITY" missed="0" covered="1"/><counter type="METHOD" missed="0" covered="1"/></method><method name="getIndent" desc="()Ljava/lang/String;" line="290"><counter type="INSTRUCTION" missed="0" covered="3"/><counter type="LINE" missed="0" covered="1"/><counter type="COMPLEXITY" missed="0" covered="1"/><counter type="METHOD" missed="0" covered="1"/></method><method name="setIndent" desc="(Ljava/lang/String;)V" line="304"><counter type="INSTRUCTION" missed="0" covered="11"/><counter type="BRANCH" missed="1" covered="3"/><counter type="LINE" missed="0" covered="4"/><counter type="COMPLEXITY" missed="1" covered="2"/><counter type="METHOD" missed="0" covered="1"/></method><method name="setIndent" desc="(Z)V" line="318"><counter type="INSTRUCTION" missed="0" covered="10"/><counter type="BRANCH" missed="0" covered="2"/><counter type="LINE" missed="0" covered="4"/><counter type="COMPLEXITY" missed="0" covered="2"/><counter type="METHOD" missed="0" covered="1"/></method><method name="setIndentSize" desc="(I)V" line="333"><counter type="INSTRUCTION" missed="0" covered="20"/><counter type="BRANCH" missed="0" covered="2"/><counter type="LINE" missed="0" covered="5"/><counter type="COMPLEXITY" missed="0" covered="2"/><counter type="METHOD" missed="0" covered="1"/></method><method name="isXHTML" desc="()Z" line="351"><counter type="INSTRUCTION" missed="0" covered="3"/><counter type="LINE" missed="0" covered="1"/><counter type="COMPLEXITY" missed="0" covered="1"/><counter type="METHOD" missed="0" covered="1"/></method><method name="setXHTML" desc="(Z)V" line="366"><counter type="INSTRUCTION" missed="0" covered="4"/><counter type="LINE" missed="0" covered="2"/><counter type="COMPLEXITY" missed="0" covered="1"/><counter type="METHOD" missed="0" covered="1"/></method><method name="getNewLineAfterNTags" desc="()I" line="370"><counter type="INSTRUCTION" missed="0" covered="3"/><counter type="LINE" missed="0" covered="1"/><counter type="COMPLEXITY" missed="0" covered="1"/><counter type="METHOD" missed="0" covered="1"/></method><method name="setNewLineAfterNTags" desc="(I)V" line="383"><counter type="INSTRUCTION" missed="0" covered="4"/><counter type="LINE" missed="0" covered="2"/><counter type="COMPLEXITY" missed="0" covered="1"/><counter type="METHOD" missed="0" covered="1"/></method><method name="getAttributeQuoteCharacter" desc="()C" line="387"><counter type="INSTRUCTION" missed="0" covered="3"/><counter type="LINE" missed="0" covered="1"/><counter type="COMPLEXITY" missed="0" covered="1"/><counter type="METHOD" missed="0" covered="1"/></method><method name="setAttributeQuoteCharacter" desc="(C)V" line="400"><counter type="INSTRUCTION" missed="0" covered="25"/><counter type="BRANCH" missed="1" covered="3"/><counter type="LINE" missed="0" covered="4"/><counter type="COMPLEXITY" missed="1" covered="2"/><counter type="METHOD" missed="0" covered="1"/></method><method name="parseOptions" desc="([Ljava/lang/String;I)I" line="417"><counter type="INSTRUCTION" missed="59" covered="76"/><counter type="BRANCH" missed="11" covered="13"/><counter type="LINE" missed="11" covered="14"/><counter type="COMPLEXITY" missed="11" covered="2"/><counter type="METHOD" missed="0" covered="1"/></method><method name="createPrettyPrint" desc="()Lmypackage/OutputFormat;" line="454"><counter type="INSTRUCTION" missed="0" covered="18"/><counter type="LINE" missed="0" covered="6"/><counter type="COMPLEXITY" missed="0" covered="1"/><counter type="METHOD" missed="0" covered="1"/></method><method name="createCompactFormat" desc="()Lmypackage/OutputFormat;" line="469"><counter type="INSTRUCTION" missed="0" covered="15"/><counter type="LINE" missed="0" covered="5"/><counter type="COMPLEXITY" missed="0" covered="1"/><counter type="METHOD" missed="0" covered="1"/></method><counter type="INSTRUCTION" missed="59" covered="446"/><counter type="BRANCH" missed="14" covered="24"/><counter type="LINE" missed="11" covered="105"/><counter type="COMPLEXITY" missed="14" covered="40"/><counter type="METHOD" missed="0" covered="35"/><counter type="CLASS" missed="0" covered="1"/></class><sourcefile name="OutputFormat.java"><line nr="16" mi="0" ci="12" mb="0" cb="0"/><line nr="22" mi="0" ci="12" mb="0" cb="0"/><line nr="27" mi="0" ci="12" mb="0" cb="0"/><line nr="33" mi="0" ci="12" mb="0" cb="0"/><line nr="38" mi="0" ci="12" mb="0" cb="0"/><line nr="44" mi="0" ci="12" mb="0" cb="0"/><line nr="50" mi="0" ci="12" mb="0" cb="0"/><line nr="55" mi="0" ci="12" mb="0" cb="0"/><line nr="60" mi="0" ci="12" mb="0" cb="0"/><line nr="65" mi="0" ci="12" mb="0" cb="0"/><line nr="70" mi="0" ci="12" mb="0" cb="0"/><line nr="76" mi="0" ci="12" mb="0" cb="0"/><line nr="81" mi="0" ci="12" mb="0" cb="0"/><line nr="88" mi="0" ci="2" mb="0" cb="0"/><line nr="89" mi="0" ci="1" mb="0" cb="0"/><line nr="98" mi="0" ci="2" mb="0" cb="0"/><line nr="99" mi="0" ci="3" mb="0" cb="0"/><line nr="100" mi="0" ci="1" mb="0" cb="0"/><line nr="111" mi="0" ci="2" mb="0" cb="0"/><line nr="112" mi="0" ci="3" mb="0" cb="0"/><line nr="113" mi="0" ci="3" mb="0" cb="0"/><line nr="114" mi="0" ci="1" mb="0" cb="0"/><line nr="125" mi="0" ci="2" mb="0" cb="0"/><line nr="126" mi="0" ci="3" mb="0" cb="0"/><line nr="127" mi="0" ci="3" mb="0" cb="0"/><line nr="128" mi="0" ci="3" mb="0" cb="0"/><line nr="129" mi="0" ci="1" mb="0" cb="0"/><line nr="132" mi="0" ci="3" mb="0" cb="0"/><line nr="145" mi="0" ci="3" mb="0" cb="0"/><line nr="146" mi="0" ci="1" mb="0" cb="0"/><line nr="149" mi="0" ci="3" mb="0" cb="0"/><line nr="158" mi="0" ci="3" mb="0" cb="0"/><line nr="159" mi="0" ci="1" mb="0" cb="0"/><line nr="162" mi="0" ci="3" mb="0" cb="0"/><line nr="169" mi="0" ci="2" mb="1" cb="1"/><line nr="170" mi="0" ci="3" mb="0" cb="0"/><line nr="172" mi="0" ci="1" mb="0" cb="0"/><line nr="175" mi="0" ci="3" mb="0" cb="0"/><line nr="188" mi="0" ci="3" mb="0" cb="0"/><line nr="189" mi="0" ci="1" mb="0" cb="0"/><line nr="201" mi="0" ci="3" mb="0" cb="0"/><line nr="202" mi="0" ci="1" mb="0" cb="0"/><line nr="210" mi="0" ci="3" mb="0" cb="0"/><line nr="221" mi="0" ci="3" mb="0" cb="0"/><line nr="222" mi="0" ci="1" mb="0" cb="0"/><line nr="228" mi="0" ci="3" mb="0" cb="0"/><line nr="232" mi="0" ci="3" mb="0" cb="0"/><line nr="244" mi="0" ci="3" mb="0" cb="0"/><line nr="245" mi="0" ci="1" mb="0" cb="0"/><line nr="248" mi="0" ci="3" mb="0" cb="0"/><line nr="258" mi="0" ci="3" mb="0" cb="0"/><line nr="259" mi="0" ci="1" mb="0" cb="0"/><line nr="262" mi="0" ci="3" mb="0" cb="0"/><line nr="286" mi="0" ci="3" mb="0" cb="0"/><line nr="287" mi="0" ci="1" mb="0" cb="0"/><line nr="290" mi="0" ci="3" mb="0" cb="0"/><line nr="304" mi="0" ci="5" mb="1" cb="3"/><line nr="305" mi="0" ci="2" mb="0" cb="0"/><line nr="308" mi="0" ci="3" mb="0" cb="0"/><line nr="309" mi="0" ci="1" mb="0" cb="0"/><line nr="318" mi="0" ci="2" mb="0" cb="2"/><line nr="319" mi="0" ci="4" mb="0" cb="0"/><line nr="321" mi="0" ci="3" mb="0" cb="0"/><line nr="323" mi="0" ci="1" mb="0" cb="0"/><line nr="333" mi="0" ci="4" mb="0" cb="0"/><line nr="335" mi="0" ci="7" mb="0" cb="2"/><line nr="336" mi="0" ci="4" mb="0" cb="0"/><line nr="339" mi="0" ci="4" mb="0" cb="0"/><line nr="340" mi="0" ci="1" mb="0" cb="0"/><line nr="351" mi="0" ci="3" mb="0" cb="0"/><line nr="366" mi="0" ci="3" mb="0" cb="0"/><line nr="367" mi="0" ci="1" mb="0" cb="0"/><line nr="370" mi="0" ci="3" mb="0" cb="0"/><line nr="383" mi="0" ci="3" mb="0" cb="0"/><line nr="384" mi="0" ci="1" mb="0" cb="0"/><line nr="387" mi="0" ci="3" mb="0" cb="0"/><line nr="400" mi="0" ci="6" mb="1" cb="3"/><line nr="401" mi="0" ci="4" mb="0" cb="0"/><line nr="403" mi="0" ci="14" mb="0" cb="0"/><line nr="406" mi="0" ci="1" mb="0" cb="0"/><line nr="417" mi="2" ci="6" mb="0" cb="2"/><line nr="418" mi="0" ci="6" mb="1" cb="1"/><line nr="419" mi="4" ci="0" mb="0" cb="0"/><line nr="420" mi="0" ci="6" mb="1" cb="1"/><line nr="421" mi="4" ci="0" mb="0" cb="0"/><line nr="422" mi="0" ci="6" mb="1" cb="1"/><line nr="423" mi="7" ci="0" mb="0" cb="0"/><line nr="424" mi="0" ci="6" mb="1" cb="1"/><line nr="425" mi="8" ci="0" mb="0" cb="0"/><line nr="426" mi="0" ci="6" mb="1" cb="1"/><line nr="427" mi="4" ci="0" mb="0" cb="0"/><line nr="428" mi="0" ci="6" mb="1" cb="1"/><line nr="429" mi="7" ci="0" mb="0" cb="0"/><line nr="430" mi="0" ci="6" mb="1" cb="1"/><line nr="431" mi="4" ci="0" mb="0" cb="0"/><line nr="432" mi="0" ci="6" mb="1" cb="1"/><line nr="433" mi="7" ci="0" mb="0" cb="0"/><line nr="434" mi="0" ci="6" mb="1" cb="1"/><line nr="435" mi="4" ci="0" mb="0" cb="0"/><line nr="436" mi="0" ci="6" mb="1" cb="1"/><line nr="437" mi="4" ci="0" mb="0" cb="0"/><line nr="438" mi="0" ci="6" mb="1" cb="1"/><line nr="439" mi="4" ci="0" mb="0" cb="0"/><line nr="441" mi="0" ci="2" mb="0" cb="0"/><line nr="445" mi="0" ci="2" mb="0" cb="0"/><line nr="454" mi="0" ci="4" mb="0" cb="0"/><line nr="455" mi="0" ci="3" mb="0" cb="0"/><line nr="456" mi="0" ci="3" mb="0" cb="0"/><line nr="457" mi="0" ci="3" mb="0" cb="0"/><line nr="458" mi="0" ci="3" mb="0" cb="0"/><line nr="460" mi="0" ci="2" mb="0" cb="0"/><line nr="469" mi="0" ci="4" mb="0" cb="0"/><line nr="470" mi="0" ci="3" mb="0" cb="0"/><line nr="471" mi="0" ci="3" mb="0" cb="0"/><line nr="472" mi="0" ci="3" mb="0" cb="0"/><line nr="474" mi="0" ci="2" mb="0" cb="0"/><counter type="INSTRUCTION" missed="59" covered="446"/><counter type="BRANCH" missed="14" covered="24"/><counter type="LINE" missed="11" covered="105"/><counter type="COMPLEXITY" missed="14" covered="40"/><counter type="METHOD" missed="0" covered="35"/><counter type="CLASS" missed="0" covered="1"/></sourcefile><counter type="INSTRUCTION" missed="59" covered="446"/><counter type="BRANCH" missed="14" covered="24"/><counter type="LINE" missed="11" covered="105"/><counter type="COMPLEXITY" missed="14" covered="40"/><counter type="METHOD" missed="0" covered="35"/><counter type="CLASS" missed="0" covered="1"/></package><counter type="INSTRUCTION" missed="59" covered="446"/><counter type="BRANCH" missed="14" covered="24"/><counter type="LINE" missed="11" covered="105"/><counter type="COMPLEXITY" missed="14" covered="40"/><counter type="METHOD" missed="0" covered="35"/><counter type="CLASS" missed="0" covered="1"/></report>