<?xml version="1.0" encoding="UTF-8"?>
<testsuite xmlns:xsi="http://www.w3.org/2001/XMLSchema-instance" xsi:noNamespaceSchemaLocation="https://maven.apache.org/surefire/maven-surefire-plugin/xsd/surefire-test-report-3.0.xsd" version="3.0" name="com.g2.t5.T5ApplicationTests" time="6.656" tests="1" errors="0" skipped="0" failures="0">
  <properties>
[...]
</properties>
  <testcase name="contextLoads" classname="com.g2.t5.T5ApplicationTests" time="1.909">
    <system-out><![CDATA[15:42:53.153 [main] INFO org.springframework.test.context.support.AnnotationConfigContextLoaderUtils -- Could not detect default configuration classes for test class [com.g2.t5.T5ApplicationTests]: T5ApplicationTests does not declare any static, non-private, non-final, nested classes annotated with @Configuration.
15:42:53.420 [main] INFO org.springframework.boot.test.context.SpringBootTestContextBootstrapper -- Found @SpringBootConfiguration com.g2.t5.T5Application for test class com.g2.t5.T5ApplicationTests

  .   ____          _            __ _ _
 /\\ / ___'_ __ _ _(_)_ __  __ _ \ \ \ \
( ( )\___ | '_ | '_| | '_ \/ _` | \ \ \ \
 \\/  ___)| |_)| | | | | || (_| |  ) ) ) )
  '  |____| .__|_| |_|_| |_\__, | / / / /
 =========|_|==============|___/=/_/_/_/
 :: Spring Boot ::                (v3.1.1)

2023-09-08T15:42:54.124+02:00  WARN 12528 --- [           main] ory$DuplicateJsonObjectContextCustomizer : 

Found multiple occurrences of org.json.JSONObject on the class path:

	jar:file:/C:/Users/pasqu/.m2/repository/com/vaadin/external/google/android-json/0.0.20131108.vaadin1/android-json-0.0.20131108.vaadin1.jar!/org/json/JSONObject.class
	jar:file:/C:/Users/pasqu/.m2/repository/org/json/json/20230227/json-20230227.jar!/org/json/JSONObject.class

You may wish to exclude one of them to ensure predictable runtime behavior

2023-09-08T15:42:54.171+02:00  INFO 12528 --- [           main] com.g2.t5.T5ApplicationTests             : Starting T5ApplicationTests using Java 18.0.2.1 with PID 12528 (started by pasqu in C:\Users\pasqu\Desktop\SAD\ProgettoSAD\Tasks\T5-G2\t5)
2023-09-08T15:42:54.186+02:00  INFO 12528 --- [           main] com.g2.t5.T5ApplicationTests             : No active profile set, falling back to 1 default profile: "default"
2023-09-08T15:42:57.203+02:00  INFO 12528 --- [           main] o.s.b.a.e.web.EndpointLinksResolver      : Exposing 1 endpoint(s) beneath base path '/actuator'
2023-09-08T15:42:57.359+02:00  INFO 12528 --- [           main] com.g2.t5.T5ApplicationTests             : Started T5ApplicationTests in 3.691 seconds (process running for 5.196)
]]></system-out>
  </testcase>
</testsuite>