2024-10-01 12:34:22 [main] INFO  com.g2.t5.T5ApplicationTests - Starting T5ApplicationTests using Java 22.0.2 with PID 3689 (started by heinecantor in /home/heinecantor/Desktop/git/A13/T5-G2/t5)
2024-10-01 12:34:22 [main] DEBUG com.g2.t5.T5ApplicationTests - Running with Spring Boot v3.1.1, Spring v6.0.10
2024-10-01 12:34:22 [main] INFO  com.g2.t5.T5ApplicationTests - No active profile set, falling back to 1 default profile: "default"
2024-10-01 12:34:23 [main] INFO  c.g2.Interfaces.ServiceManagerLogger - [SERVICE CREATION] Creazione del servizio: T1Service
2024-10-01 12:34:23 [main] INFO  c.g2.Interfaces.ServiceManagerLogger - [SERVICE CREATION] Creazione del servizio: T23Service
2024-10-01 12:34:23 [main] INFO  c.g2.Interfaces.ServiceManagerLogger - [SERVICE CREATION] Creazione del servizio: T4Service
2024-10-01 12:34:23 [main] INFO  c.g2.Interfaces.ServiceManagerLogger - [SERVICE CREATION] Creazione del servizio: T7Service
2024-10-01 12:34:23 [main] INFO  c.g2.Interfaces.ServiceManagerLogger - [SERVICE CREATION] Creazione del servizio: T1Service
2024-10-01 12:34:23 [main] INFO  c.g2.Interfaces.ServiceManagerLogger - [SERVICE CREATION] Creazione del servizio: T23Service
2024-10-01 12:34:23 [main] INFO  c.g2.Interfaces.ServiceManagerLogger - [SERVICE CREATION] Creazione del servizio: T4Service
2024-10-01 12:34:23 [main] INFO  c.g2.Interfaces.ServiceManagerLogger - [SERVICE CREATION] Creazione del servizio: T7Service
2024-10-01 12:34:23 [main] INFO  o.s.b.a.e.web.EndpointLinksResolver - Exposing 1 endpoint(s) beneath base path '/actuator'
2024-10-01 12:34:23 [main] INFO  com.g2.t5.T5ApplicationTests - Started T5ApplicationTests in 1.321 seconds (process running for 1.876)
2024-10-01 12:52:30 [main] INFO  com.g2.t5.T5ApplicationTests - Starting T5ApplicationTests using Java 22.0.2 with PID 4544 (started by heinecantor in /home/heinecantor/Desktop/git/A13/T5-G2/t5)
2024-10-01 12:52:30 [main] DEBUG com.g2.t5.T5ApplicationTests - Running with Spring Boot v3.1.1, Spring v6.0.10
2024-10-01 12:52:30 [main] INFO  com.g2.t5.T5ApplicationTests - No active profile set, falling back to 1 default profile: "default"
2024-10-01 12:52:31 [main] INFO  c.g2.Interfaces.ServiceManagerLogger - [SERVICE CREATION] Creazione del servizio: T1Service
2024-10-01 12:52:31 [main] INFO  c.g2.Interfaces.ServiceManagerLogger - [SERVICE CREATION] Creazione del servizio: T23Service
2024-10-01 12:52:31 [main] INFO  c.g2.Interfaces.ServiceManagerLogger - [SERVICE CREATION] Creazione del servizio: T4Service
2024-10-01 12:52:31 [main] INFO  c.g2.Interfaces.ServiceManagerLogger - [SERVICE CREATION] Creazione del servizio: T7Service
2024-10-01 12:52:31 [main] INFO  c.g2.Interfaces.ServiceManagerLogger - [SERVICE CREATION] Creazione del servizio: T1Service
2024-10-01 12:52:31 [main] INFO  c.g2.Interfaces.ServiceManagerLogger - [SERVICE CREATION] Creazione del servizio: T23Service
2024-10-01 12:52:31 [main] INFO  c.g2.Interfaces.ServiceManagerLogger - [SERVICE CREATION] Creazione del servizio: T4Service
2024-10-01 12:52:31 [main] INFO  c.g2.Interfaces.ServiceManagerLogger - [SERVICE CREATION] Creazione del servizio: T7Service
2024-10-01 12:52:31 [main] INFO  o.s.b.a.e.web.EndpointLinksResolver - Exposing 1 endpoint(s) beneath base path '/actuator'
2024-10-01 12:52:31 [main] INFO  com.g2.t5.T5ApplicationTests - Started T5ApplicationTests in 1.319 seconds (process running for 1.858)
2024-10-12 10:56:29 [main] INFO  com.g2.t5.T5ApplicationTests - Starting T5ApplicationTests using Java 22.0.2 with PID 2208 (started by heinecantor in /home/heinecantor/Desktop/git/A13/T5-G2/t5)
2024-10-12 10:56:29 [main] DEBUG com.g2.t5.T5ApplicationTests - Running with Spring Boot v3.1.1, Spring v6.0.10
2024-10-12 10:56:29 [main] INFO  com.g2.t5.T5ApplicationTests - No active profile set, falling back to 1 default profile: "default"
2024-10-12 10:56:30 [main] WARN  o.s.w.c.s.GenericWebApplicationContext - Exception encountered during context initialization - cancelling refresh attempt: org.springframework.beans.factory.BeanCreationException: Error creating bean with name 'pageBuilder' defined in file [/home/heinecantor/Desktop/git/A13/T5-G2/t5/target/classes/com/g2/Components/PageBuilder.class]: Failed to instantiate [com.g2.Components.PageBuilder]: No default constructor found
2024-10-12 10:56:30 [main] INFO  o.s.b.a.l.ConditionEvaluationReportLogger - 

Error starting ApplicationContext. To display the condition evaluation report re-run your application with 'debug' enabled.
2024-10-12 10:56:30 [main] ERROR o.s.boot.SpringApplication - Application run failed
org.springframework.beans.factory.BeanCreationException: Error creating bean with name 'pageBuilder' defined in file [/home/heinecantor/Desktop/git/A13/T5-G2/t5/target/classes/com/g2/Components/PageBuilder.class]: Failed to instantiate [com.g2.Components.PageBuilder]: No default constructor found
	at org.springframework.beans.factory.support.AbstractAutowireCapableBeanFactory.instantiateBean(AbstractAutowireCapableBeanFactory.java:1314)
	at org.springframework.beans.factory.support.AbstractAutowireCapableBeanFactory.createBeanInstance(AbstractAutowireCapableBeanFactory.java:1199)
	at org.springframework.beans.factory.support.AbstractAutowireCapableBeanFactory.doCreateBean(AbstractAutowireCapableBeanFactory.java:560)
	at org.springframework.beans.factory.support.AbstractAutowireCapableBeanFactory.createBean(AbstractAutowireCapableBeanFactory.java:520)
	at org.springframework.beans.factory.support.AbstractBeanFactory.lambda$doGetBean$0(AbstractBeanFactory.java:326)
	at org.springframework.beans.factory.support.DefaultSingletonBeanRegistry.getSingleton(DefaultSingletonBeanRegistry.java:234)
	at org.springframework.beans.factory.support.AbstractBeanFactory.doGetBean(AbstractBeanFactory.java:324)
	at org.springframework.beans.factory.support.AbstractBeanFactory.getBean(AbstractBeanFactory.java:200)
	at org.springframework.beans.factory.support.DefaultListableBeanFactory.preInstantiateSingletons(DefaultListableBeanFactory.java:973)
	at org.springframework.context.support.AbstractApplicationContext.finishBeanFactoryInitialization(AbstractApplicationContext.java:941)
	at org.springframework.context.support.AbstractApplicationContext.refresh(AbstractApplicationContext.java:608)
	at org.springframework.boot.SpringApplication.refresh(SpringApplication.java:734)
	at org.springframework.boot.SpringApplication.refreshContext(SpringApplication.java:436)
	at org.springframework.boot.SpringApplication.run(SpringApplication.java:312)
	at org.springframework.boot.test.context.SpringBootContextLoader.lambda$loadContext$3(SpringBootContextLoader.java:137)
	at org.springframework.util.function.ThrowingSupplier.get(ThrowingSupplier.java:58)
	at org.springframework.util.function.ThrowingSupplier.get(ThrowingSupplier.java:46)
	at org.springframework.boot.SpringApplication.withHook(SpringApplication.java:1406)
	at org.springframework.boot.test.context.SpringBootContextLoader$ContextLoaderHook.run(SpringBootContextLoader.java:545)
	at org.springframework.boot.test.context.SpringBootContextLoader.loadContext(SpringBootContextLoader.java:137)
	at org.springframework.boot.test.context.SpringBootContextLoader.loadContext(SpringBootContextLoader.java:108)
	at org.springframework.test.context.cache.DefaultCacheAwareContextLoaderDelegate.loadContextInternal(DefaultCacheAwareContextLoaderDelegate.java:187)
	at org.springframework.test.context.cache.DefaultCacheAwareContextLoaderDelegate.loadContext(DefaultCacheAwareContextLoaderDelegate.java:119)
	at org.springframework.test.context.support.DefaultTestContext.getApplicationContext(DefaultTestContext.java:127)
	at org.springframework.test.context.web.ServletTestExecutionListener.setUpRequestContextIfNecessary(ServletTestExecutionListener.java:191)
	at org.springframework.test.context.web.ServletTestExecutionListener.prepareTestInstance(ServletTestExecutionListener.java:130)
	at org.springframework.test.context.TestContextManager.prepareTestInstance(TestContextManager.java:241)
	at org.springframework.test.context.junit.jupiter.SpringExtension.postProcessTestInstance(SpringExtension.java:138)
	at org.junit.jupiter.engine.descriptor.ClassBasedTestDescriptor.lambda$invokeTestInstancePostProcessors$10(ClassBasedTestDescriptor.java:377)
	at org.junit.jupiter.engine.descriptor.ClassBasedTestDescriptor.executeAndMaskThrowable(ClassBasedTestDescriptor.java:382)
	at org.junit.jupiter.engine.descriptor.ClassBasedTestDescriptor.lambda$invokeTestInstancePostProcessors$11(ClassBasedTestDescriptor.java:377)
	at java.base/java.util.stream.ReferencePipeline$3$1.accept(ReferencePipeline.java:212)
	at java.base/java.util.stream.ReferencePipeline$2$1.accept(ReferencePipeline.java:194)
	at java.base/java.util.ArrayList$ArrayListSpliterator.forEachRemaining(ArrayList.java:1709)
	at java.base/java.util.stream.AbstractPipeline.copyInto(AbstractPipeline.java:556)
	at java.base/java.util.stream.AbstractPipeline.wrapAndCopyInto(AbstractPipeline.java:546)
	at java.base/java.util.stream.StreamSpliterators$WrappingSpliterator.forEachRemaining(StreamSpliterators.java:310)
	at java.base/java.util.stream.Streams$ConcatSpliterator.forEachRemaining(Streams.java:735)
	at java.base/java.util.stream.Streams$ConcatSpliterator.forEachRemaining(Streams.java:734)
	at java.base/java.util.stream.ReferencePipeline$Head.forEach(ReferencePipeline.java:782)
	at org.junit.jupiter.engine.descriptor.ClassBasedTestDescriptor.invokeTestInstancePostProcessors(ClassBasedTestDescriptor.java:376)
	at org.junit.jupiter.engine.descriptor.ClassBasedTestDescriptor.lambda$instantiateAndPostProcessTestInstance$6(ClassBasedTestDescriptor.java:289)
	at org.junit.platform.engine.support.hierarchical.ThrowableCollector.execute(ThrowableCollector.java:73)
	at org.junit.jupiter.engine.descriptor.ClassBasedTestDescriptor.instantiateAndPostProcessTestInstance(ClassBasedTestDescriptor.java:288)
	at org.junit.jupiter.engine.descriptor.ClassBasedTestDescriptor.lambda$testInstancesProvider$4(ClassBasedTestDescriptor.java:278)
	at java.base/java.util.Optional.orElseGet(Optional.java:364)
	at org.junit.jupiter.engine.descriptor.ClassBasedTestDescriptor.lambda$testInstancesProvider$5(ClassBasedTestDescriptor.java:277)
	at org.junit.jupiter.engine.execution.TestInstancesProvider.getTestInstances(TestInstancesProvider.java:31)
	at org.junit.jupiter.engine.descriptor.TestMethodTestDescriptor.lambda$prepare$0(TestMethodTestDescriptor.java:105)
	at org.junit.platform.engine.support.hierarchical.ThrowableCollector.execute(ThrowableCollector.java:73)
	at org.junit.jupiter.engine.descriptor.TestMethodTestDescriptor.prepare(TestMethodTestDescriptor.java:104)
	at org.junit.jupiter.engine.descriptor.TestMethodTestDescriptor.prepare(TestMethodTestDescriptor.java:68)
	at org.junit.platform.engine.support.hierarchical.NodeTestTask.lambda$prepare$2(NodeTestTask.java:123)
	at org.junit.platform.engine.support.hierarchical.ThrowableCollector.execute(ThrowableCollector.java:73)
	at org.junit.platform.engine.support.hierarchical.NodeTestTask.prepare(NodeTestTask.java:123)
	at org.junit.platform.engine.support.hierarchical.NodeTestTask.execute(NodeTestTask.java:90)
	at java.base/java.util.ArrayList.forEach(ArrayList.java:1597)
	at org.junit.platform.engine.support.hierarchical.SameThreadHierarchicalTestExecutorService.invokeAll(SameThreadHierarchicalTestExecutorService.java:41)
	at org.junit.platform.engine.support.hierarchical.NodeTestTask.lambda$executeRecursively$6(NodeTestTask.java:155)
	at org.junit.platform.engine.support.hierarchical.ThrowableCollector.execute(ThrowableCollector.java:73)
	at org.junit.platform.engine.support.hierarchical.NodeTestTask.lambda$executeRecursively$8(NodeTestTask.java:141)
	at org.junit.platform.engine.support.hierarchical.Node.around(Node.java:137)
	at org.junit.platform.engine.support.hierarchical.NodeTestTask.lambda$executeRecursively$9(NodeTestTask.java:139)
	at org.junit.platform.engine.support.hierarchical.ThrowableCollector.execute(ThrowableCollector.java:73)
	at org.junit.platform.engine.support.hierarchical.NodeTestTask.executeRecursively(NodeTestTask.java:138)
	at org.junit.platform.engine.support.hierarchical.NodeTestTask.execute(NodeTestTask.java:95)
	at java.base/java.util.ArrayList.forEach(ArrayList.java:1597)
	at org.junit.platform.engine.support.hierarchical.SameThreadHierarchicalTestExecutorService.invokeAll(SameThreadHierarchicalTestExecutorService.java:41)
	at org.junit.platform.engine.support.hierarchical.NodeTestTask.lambda$executeRecursively$6(NodeTestTask.java:155)
	at org.junit.platform.engine.support.hierarchical.ThrowableCollector.execute(ThrowableCollector.java:73)
	at org.junit.platform.engine.support.hierarchical.NodeTestTask.lambda$executeRecursively$8(NodeTestTask.java:141)
	at org.junit.platform.engine.support.hierarchical.Node.around(Node.java:137)
	at org.junit.platform.engine.support.hierarchical.NodeTestTask.lambda$executeRecursively$9(NodeTestTask.java:139)
	at org.junit.platform.engine.support.hierarchical.ThrowableCollector.execute(ThrowableCollector.java:73)
	at org.junit.platform.engine.support.hierarchical.NodeTestTask.executeRecursively(NodeTestTask.java:138)
	at org.junit.platform.engine.support.hierarchical.NodeTestTask.execute(NodeTestTask.java:95)
	at org.junit.platform.engine.support.hierarchical.SameThreadHierarchicalTestExecutorService.submit(SameThreadHierarchicalTestExecutorService.java:35)
	at org.junit.platform.engine.support.hierarchical.HierarchicalTestExecutor.execute(HierarchicalTestExecutor.java:57)
	at org.junit.platform.engine.support.hierarchical.HierarchicalTestEngine.execute(HierarchicalTestEngine.java:54)
	at org.junit.platform.launcher.core.EngineExecutionOrchestrator.execute(EngineExecutionOrchestrator.java:147)
	at org.junit.platform.launcher.core.EngineExecutionOrchestrator.execute(EngineExecutionOrchestrator.java:127)
	at org.junit.platform.launcher.core.EngineExecutionOrchestrator.execute(EngineExecutionOrchestrator.java:90)
	at org.junit.platform.launcher.core.EngineExecutionOrchestrator.lambda$execute$0(EngineExecutionOrchestrator.java:55)
	at org.junit.platform.launcher.core.EngineExecutionOrchestrator.withInterceptedStreams(EngineExecutionOrchestrator.java:102)
	at org.junit.platform.launcher.core.EngineExecutionOrchestrator.execute(EngineExecutionOrchestrator.java:54)
	at org.junit.platform.launcher.core.DefaultLauncher.execute(DefaultLauncher.java:114)
	at org.junit.platform.launcher.core.DefaultLauncher.execute(DefaultLauncher.java:86)
	at org.junit.platform.launcher.core.DefaultLauncherSession$DelegatingLauncher.execute(DefaultLauncherSession.java:86)
	at org.apache.maven.surefire.junitplatform.LazyLauncher.execute(LazyLauncher.java:50)
	at org.apache.maven.surefire.junitplatform.JUnitPlatformProvider.execute(JUnitPlatformProvider.java:184)
	at org.apache.maven.surefire.junitplatform.JUnitPlatformProvider.invokeAllTests(JUnitPlatformProvider.java:148)
	at org.apache.maven.surefire.junitplatform.JUnitPlatformProvider.invoke(JUnitPlatformProvider.java:122)
	at org.apache.maven.surefire.booter.ForkedBooter.runSuitesInProcess(ForkedBooter.java:385)
	at org.apache.maven.surefire.booter.ForkedBooter.execute(ForkedBooter.java:162)
	at org.apache.maven.surefire.booter.ForkedBooter.run(ForkedBooter.java:507)
	at org.apache.maven.surefire.booter.ForkedBooter.main(ForkedBooter.java:495)
Caused by: org.springframework.beans.BeanInstantiationException: Failed to instantiate [com.g2.Components.PageBuilder]: No default constructor found
	at org.springframework.beans.factory.support.SimpleInstantiationStrategy.instantiate(SimpleInstantiationStrategy.java:83)
	at org.springframework.beans.factory.support.AbstractAutowireCapableBeanFactory.instantiateBean(AbstractAutowireCapableBeanFactory.java:1308)
	... 95 common frames omitted
Caused by: java.lang.NoSuchMethodException: com.g2.Components.PageBuilder.<init>()
	at java.base/java.lang.Class.getConstructor0(Class.java:3784)
	at java.base/java.lang.Class.getDeclaredConstructor(Class.java:2955)
	at org.springframework.beans.factory.support.SimpleInstantiationStrategy.instantiate(SimpleInstantiationStrategy.java:79)
	... 96 common frames omitted
2024-10-12 10:56:30 [main] ERROR o.s.test.context.TestContextManager - Caught exception while allowing TestExecutionListener [org.springframework.test.context.web.ServletTestExecutionListener] to prepare test instance [com.g2.t5.T5ApplicationTests@16a5eb6d]
java.lang.IllegalStateException: Failed to load ApplicationContext for [WebMergedContextConfiguration@5edacf20 testClass = com.g2.t5.T5ApplicationTests, locations = [], classes = [com.g2.t5.T5Application], contextInitializerClasses = [], activeProfiles = [], propertySourceLocations = [], propertySourceProperties = ["org.springframework.boot.test.context.SpringBootTestContextBootstrapper=true"], contextCustomizers = [org.springframework.boot.test.context.filter.ExcludeFilterContextCustomizer@2cb4893b, org.springframework.boot.test.json.DuplicateJsonObjectContextCustomizerFactory$DuplicateJsonObjectContextCustomizer@413d1baf, org.springframework.boot.test.mock.mockito.MockitoContextCustomizer@0, org.springframework.boot.test.web.client.TestRestTemplateContextCustomizer@31ea9581, org.springframework.boot.test.autoconfigure.actuate.observability.ObservabilityContextCustomizerFactory$DisableObservabilityContextCustomizer@1f, org.springframework.boot.test.autoconfigure.properties.PropertyMappingContextCustomizer@0, org.springframework.boot.test.autoconfigure.web.servlet.WebDriverContextCustomizerFactory$Customizer@25be7b63, org.springframework.boot.test.context.SpringBootTestAnnotation@ea33e903], resourceBasePath = "src/main/webapp", contextLoader = org.springframework.boot.test.context.SpringBootContextLoader, parent = null]
	at org.springframework.test.context.cache.DefaultCacheAwareContextLoaderDelegate.loadContext(DefaultCacheAwareContextLoaderDelegate.java:143)
	at org.springframework.test.context.support.DefaultTestContext.getApplicationContext(DefaultTestContext.java:127)
	at org.springframework.test.context.web.ServletTestExecutionListener.setUpRequestContextIfNecessary(ServletTestExecutionListener.java:191)
	at org.springframework.test.context.web.ServletTestExecutionListener.prepareTestInstance(ServletTestExecutionListener.java:130)
	at org.springframework.test.context.TestContextManager.prepareTestInstance(TestContextManager.java:241)
	at org.springframework.test.context.junit.jupiter.SpringExtension.postProcessTestInstance(SpringExtension.java:138)
	at org.junit.jupiter.engine.descriptor.ClassBasedTestDescriptor.lambda$invokeTestInstancePostProcessors$10(ClassBasedTestDescriptor.java:377)
	at org.junit.jupiter.engine.descriptor.ClassBasedTestDescriptor.executeAndMaskThrowable(ClassBasedTestDescriptor.java:382)
	at org.junit.jupiter.engine.descriptor.ClassBasedTestDescriptor.lambda$invokeTestInstancePostProcessors$11(ClassBasedTestDescriptor.java:377)
	at java.base/java.util.stream.ReferencePipeline$3$1.accept(ReferencePipeline.java:212)
	at java.base/java.util.stream.ReferencePipeline$2$1.accept(ReferencePipeline.java:194)
	at java.base/java.util.ArrayList$ArrayListSpliterator.forEachRemaining(ArrayList.java:1709)
	at java.base/java.util.stream.AbstractPipeline.copyInto(AbstractPipeline.java:556)
	at java.base/java.util.stream.AbstractPipeline.wrapAndCopyInto(AbstractPipeline.java:546)
	at java.base/java.util.stream.StreamSpliterators$WrappingSpliterator.forEachRemaining(StreamSpliterators.java:310)
	at java.base/java.util.stream.Streams$ConcatSpliterator.forEachRemaining(Streams.java:735)
	at java.base/java.util.stream.Streams$ConcatSpliterator.forEachRemaining(Streams.java:734)
	at java.base/java.util.stream.ReferencePipeline$Head.forEach(ReferencePipeline.java:782)
	at org.junit.jupiter.engine.descriptor.ClassBasedTestDescriptor.invokeTestInstancePostProcessors(ClassBasedTestDescriptor.java:376)
	at org.junit.jupiter.engine.descriptor.ClassBasedTestDescriptor.lambda$instantiateAndPostProcessTestInstance$6(ClassBasedTestDescriptor.java:289)
	at org.junit.platform.engine.support.hierarchical.ThrowableCollector.execute(ThrowableCollector.java:73)
	at org.junit.jupiter.engine.descriptor.ClassBasedTestDescriptor.instantiateAndPostProcessTestInstance(ClassBasedTestDescriptor.java:288)
	at org.junit.jupiter.engine.descriptor.ClassBasedTestDescriptor.lambda$testInstancesProvider$4(ClassBasedTestDescriptor.java:278)
	at java.base/java.util.Optional.orElseGet(Optional.java:364)
	at org.junit.jupiter.engine.descriptor.ClassBasedTestDescriptor.lambda$testInstancesProvider$5(ClassBasedTestDescriptor.java:277)
	at org.junit.jupiter.engine.execution.TestInstancesProvider.getTestInstances(TestInstancesProvider.java:31)
	at org.junit.jupiter.engine.descriptor.TestMethodTestDescriptor.lambda$prepare$0(TestMethodTestDescriptor.java:105)
	at org.junit.platform.engine.support.hierarchical.ThrowableCollector.execute(ThrowableCollector.java:73)
	at org.junit.jupiter.engine.descriptor.TestMethodTestDescriptor.prepare(TestMethodTestDescriptor.java:104)
	at org.junit.jupiter.engine.descriptor.TestMethodTestDescriptor.prepare(TestMethodTestDescriptor.java:68)
	at org.junit.platform.engine.support.hierarchical.NodeTestTask.lambda$prepare$2(NodeTestTask.java:123)
	at org.junit.platform.engine.support.hierarchical.ThrowableCollector.execute(ThrowableCollector.java:73)
	at org.junit.platform.engine.support.hierarchical.NodeTestTask.prepare(NodeTestTask.java:123)
	at org.junit.platform.engine.support.hierarchical.NodeTestTask.execute(NodeTestTask.java:90)
	at java.base/java.util.ArrayList.forEach(ArrayList.java:1597)
	at org.junit.platform.engine.support.hierarchical.SameThreadHierarchicalTestExecutorService.invokeAll(SameThreadHierarchicalTestExecutorService.java:41)
	at org.junit.platform.engine.support.hierarchical.NodeTestTask.lambda$executeRecursively$6(NodeTestTask.java:155)
	at org.junit.platform.engine.support.hierarchical.ThrowableCollector.execute(ThrowableCollector.java:73)
	at org.junit.platform.engine.support.hierarchical.NodeTestTask.lambda$executeRecursively$8(NodeTestTask.java:141)
	at org.junit.platform.engine.support.hierarchical.Node.around(Node.java:137)
	at org.junit.platform.engine.support.hierarchical.NodeTestTask.lambda$executeRecursively$9(NodeTestTask.java:139)
	at org.junit.platform.engine.support.hierarchical.ThrowableCollector.execute(ThrowableCollector.java:73)
	at org.junit.platform.engine.support.hierarchical.NodeTestTask.executeRecursively(NodeTestTask.java:138)
	at org.junit.platform.engine.support.hierarchical.NodeTestTask.execute(NodeTestTask.java:95)
	at java.base/java.util.ArrayList.forEach(ArrayList.java:1597)
	at org.junit.platform.engine.support.hierarchical.SameThreadHierarchicalTestExecutorService.invokeAll(SameThreadHierarchicalTestExecutorService.java:41)
	at org.junit.platform.engine.support.hierarchical.NodeTestTask.lambda$executeRecursively$6(NodeTestTask.java:155)
	at org.junit.platform.engine.support.hierarchical.ThrowableCollector.execute(ThrowableCollector.java:73)
	at org.junit.platform.engine.support.hierarchical.NodeTestTask.lambda$executeRecursively$8(NodeTestTask.java:141)
	at org.junit.platform.engine.support.hierarchical.Node.around(Node.java:137)
	at org.junit.platform.engine.support.hierarchical.NodeTestTask.lambda$executeRecursively$9(NodeTestTask.java:139)
	at org.junit.platform.engine.support.hierarchical.ThrowableCollector.execute(ThrowableCollector.java:73)
	at org.junit.platform.engine.support.hierarchical.NodeTestTask.executeRecursively(NodeTestTask.java:138)
	at org.junit.platform.engine.support.hierarchical.NodeTestTask.execute(NodeTestTask.java:95)
	at org.junit.platform.engine.support.hierarchical.SameThreadHierarchicalTestExecutorService.submit(SameThreadHierarchicalTestExecutorService.java:35)
	at org.junit.platform.engine.support.hierarchical.HierarchicalTestExecutor.execute(HierarchicalTestExecutor.java:57)
	at org.junit.platform.engine.support.hierarchical.HierarchicalTestEngine.execute(HierarchicalTestEngine.java:54)
	at org.junit.platform.launcher.core.EngineExecutionOrchestrator.execute(EngineExecutionOrchestrator.java:147)
	at org.junit.platform.launcher.core.EngineExecutionOrchestrator.execute(EngineExecutionOrchestrator.java:127)
	at org.junit.platform.launcher.core.EngineExecutionOrchestrator.execute(EngineExecutionOrchestrator.java:90)
	at org.junit.platform.launcher.core.EngineExecutionOrchestrator.lambda$execute$0(EngineExecutionOrchestrator.java:55)
	at org.junit.platform.launcher.core.EngineExecutionOrchestrator.withInterceptedStreams(EngineExecutionOrchestrator.java:102)
	at org.junit.platform.launcher.core.EngineExecutionOrchestrator.execute(EngineExecutionOrchestrator.java:54)
	at org.junit.platform.launcher.core.DefaultLauncher.execute(DefaultLauncher.java:114)
	at org.junit.platform.launcher.core.DefaultLauncher.execute(DefaultLauncher.java:86)
	at org.junit.platform.launcher.core.DefaultLauncherSession$DelegatingLauncher.execute(DefaultLauncherSession.java:86)
	at org.apache.maven.surefire.junitplatform.LazyLauncher.execute(LazyLauncher.java:50)
	at org.apache.maven.surefire.junitplatform.JUnitPlatformProvider.execute(JUnitPlatformProvider.java:184)
	at org.apache.maven.surefire.junitplatform.JUnitPlatformProvider.invokeAllTests(JUnitPlatformProvider.java:148)
	at org.apache.maven.surefire.junitplatform.JUnitPlatformProvider.invoke(JUnitPlatformProvider.java:122)
	at org.apache.maven.surefire.booter.ForkedBooter.runSuitesInProcess(ForkedBooter.java:385)
	at org.apache.maven.surefire.booter.ForkedBooter.execute(ForkedBooter.java:162)
	at org.apache.maven.surefire.booter.ForkedBooter.run(ForkedBooter.java:507)
	at org.apache.maven.surefire.booter.ForkedBooter.main(ForkedBooter.java:495)
Caused by: org.springframework.beans.factory.BeanCreationException: Error creating bean with name 'pageBuilder' defined in file [/home/heinecantor/Desktop/git/A13/T5-G2/t5/target/classes/com/g2/Components/PageBuilder.class]: Failed to instantiate [com.g2.Components.PageBuilder]: No default constructor found
	at org.springframework.beans.factory.support.AbstractAutowireCapableBeanFactory.instantiateBean(AbstractAutowireCapableBeanFactory.java:1314)
	at org.springframework.beans.factory.support.AbstractAutowireCapableBeanFactory.createBeanInstance(AbstractAutowireCapableBeanFactory.java:1199)
	at org.springframework.beans.factory.support.AbstractAutowireCapableBeanFactory.doCreateBean(AbstractAutowireCapableBeanFactory.java:560)
	at org.springframework.beans.factory.support.AbstractAutowireCapableBeanFactory.createBean(AbstractAutowireCapableBeanFactory.java:520)
	at org.springframework.beans.factory.support.AbstractBeanFactory.lambda$doGetBean$0(AbstractBeanFactory.java:326)
	at org.springframework.beans.factory.support.DefaultSingletonBeanRegistry.getSingleton(DefaultSingletonBeanRegistry.java:234)
	at org.springframework.beans.factory.support.AbstractBeanFactory.doGetBean(AbstractBeanFactory.java:324)
	at org.springframework.beans.factory.support.AbstractBeanFactory.getBean(AbstractBeanFactory.java:200)
	at org.springframework.beans.factory.support.DefaultListableBeanFactory.preInstantiateSingletons(DefaultListableBeanFactory.java:973)
	at org.springframework.context.support.AbstractApplicationContext.finishBeanFactoryInitialization(AbstractApplicationContext.java:941)
	at org.springframework.context.support.AbstractApplicationContext.refresh(AbstractApplicationContext.java:608)
	at org.springframework.boot.SpringApplication.refresh(SpringApplication.java:734)
	at org.springframework.boot.SpringApplication.refreshContext(SpringApplication.java:436)
	at org.springframework.boot.SpringApplication.run(SpringApplication.java:312)
	at org.springframework.boot.test.context.SpringBootContextLoader.lambda$loadContext$3(SpringBootContextLoader.java:137)
	at org.springframework.util.function.ThrowingSupplier.get(ThrowingSupplier.java:58)
	at org.springframework.util.function.ThrowingSupplier.get(ThrowingSupplier.java:46)
	at org.springframework.boot.SpringApplication.withHook(SpringApplication.java:1406)
	at org.springframework.boot.test.context.SpringBootContextLoader$ContextLoaderHook.run(SpringBootContextLoader.java:545)
	at org.springframework.boot.test.context.SpringBootContextLoader.loadContext(SpringBootContextLoader.java:137)
	at org.springframework.boot.test.context.SpringBootContextLoader.loadContext(SpringBootContextLoader.java:108)
	at org.springframework.test.context.cache.DefaultCacheAwareContextLoaderDelegate.loadContextInternal(DefaultCacheAwareContextLoaderDelegate.java:187)
	at org.springframework.test.context.cache.DefaultCacheAwareContextLoaderDelegate.loadContext(DefaultCacheAwareContextLoaderDelegate.java:119)
	... 73 common frames omitted
Caused by: org.springframework.beans.BeanInstantiationException: Failed to instantiate [com.g2.Components.PageBuilder]: No default constructor found
	at org.springframework.beans.factory.support.SimpleInstantiationStrategy.instantiate(SimpleInstantiationStrategy.java:83)
	at org.springframework.beans.factory.support.AbstractAutowireCapableBeanFactory.instantiateBean(AbstractAutowireCapableBeanFactory.java:1308)
	... 95 common frames omitted
Caused by: java.lang.NoSuchMethodException: com.g2.Components.PageBuilder.<init>()
	at java.base/java.lang.Class.getConstructor0(Class.java:3784)
	at java.base/java.lang.Class.getDeclaredConstructor(Class.java:2955)
	at org.springframework.beans.factory.support.SimpleInstantiationStrategy.instantiate(SimpleInstantiationStrategy.java:79)
	... 96 common frames omitted
2024-10-12 10:58:33 [main] INFO  com.g2.t5.T5ApplicationTests - Starting T5ApplicationTests using Java 22.0.2 with PID 2400 (started by heinecantor in /home/heinecantor/Desktop/git/A13/T5-G2/t5)
2024-10-12 10:58:33 [main] DEBUG com.g2.t5.T5ApplicationTests - Running with Spring Boot v3.1.1, Spring v6.0.10
2024-10-12 10:58:33 [main] INFO  com.g2.t5.T5ApplicationTests - No active profile set, falling back to 1 default profile: "default"
2024-10-12 10:58:34 [main] WARN  o.s.w.c.s.GenericWebApplicationContext - Exception encountered during context initialization - cancelling refresh attempt: org.springframework.beans.factory.BeanCreationException: Error creating bean with name 'pageBuilder' defined in file [/home/heinecantor/Desktop/git/A13/T5-G2/t5/target/classes/com/g2/Components/PageBuilder.class]: Failed to instantiate [com.g2.Components.PageBuilder]: No default constructor found
2024-10-12 10:58:34 [main] INFO  o.s.b.a.l.ConditionEvaluationReportLogger - 

Error starting ApplicationContext. To display the condition evaluation report re-run your application with 'debug' enabled.
2024-10-12 10:58:34 [main] ERROR o.s.boot.SpringApplication - Application run failed
org.springframework.beans.factory.BeanCreationException: Error creating bean with name 'pageBuilder' defined in file [/home/heinecantor/Desktop/git/A13/T5-G2/t5/target/classes/com/g2/Components/PageBuilder.class]: Failed to instantiate [com.g2.Components.PageBuilder]: No default constructor found
	at org.springframework.beans.factory.support.AbstractAutowireCapableBeanFactory.instantiateBean(AbstractAutowireCapableBeanFactory.java:1314)
	at org.springframework.beans.factory.support.AbstractAutowireCapableBeanFactory.createBeanInstance(AbstractAutowireCapableBeanFactory.java:1199)
	at org.springframework.beans.factory.support.AbstractAutowireCapableBeanFactory.doCreateBean(AbstractAutowireCapableBeanFactory.java:560)
	at org.springframework.beans.factory.support.AbstractAutowireCapableBeanFactory.createBean(AbstractAutowireCapableBeanFactory.java:520)
	at org.springframework.beans.factory.support.AbstractBeanFactory.lambda$doGetBean$0(AbstractBeanFactory.java:326)
	at org.springframework.beans.factory.support.DefaultSingletonBeanRegistry.getSingleton(DefaultSingletonBeanRegistry.java:234)
	at org.springframework.beans.factory.support.AbstractBeanFactory.doGetBean(AbstractBeanFactory.java:324)
	at org.springframework.beans.factory.support.AbstractBeanFactory.getBean(AbstractBeanFactory.java:200)
	at org.springframework.beans.factory.support.DefaultListableBeanFactory.preInstantiateSingletons(DefaultListableBeanFactory.java:973)
	at org.springframework.context.support.AbstractApplicationContext.finishBeanFactoryInitialization(AbstractApplicationContext.java:941)
	at org.springframework.context.support.AbstractApplicationContext.refresh(AbstractApplicationContext.java:608)
	at org.springframework.boot.SpringApplication.refresh(SpringApplication.java:734)
	at org.springframework.boot.SpringApplication.refreshContext(SpringApplication.java:436)
	at org.springframework.boot.SpringApplication.run(SpringApplication.java:312)
	at org.springframework.boot.test.context.SpringBootContextLoader.lambda$loadContext$3(SpringBootContextLoader.java:137)
	at org.springframework.util.function.ThrowingSupplier.get(ThrowingSupplier.java:58)
	at org.springframework.util.function.ThrowingSupplier.get(ThrowingSupplier.java:46)
	at org.springframework.boot.SpringApplication.withHook(SpringApplication.java:1406)
	at org.springframework.boot.test.context.SpringBootContextLoader$ContextLoaderHook.run(SpringBootContextLoader.java:545)
	at org.springframework.boot.test.context.SpringBootContextLoader.loadContext(SpringBootContextLoader.java:137)
	at org.springframework.boot.test.context.SpringBootContextLoader.loadContext(SpringBootContextLoader.java:108)
	at org.springframework.test.context.cache.DefaultCacheAwareContextLoaderDelegate.loadContextInternal(DefaultCacheAwareContextLoaderDelegate.java:187)
	at org.springframework.test.context.cache.DefaultCacheAwareContextLoaderDelegate.loadContext(DefaultCacheAwareContextLoaderDelegate.java:119)
	at org.springframework.test.context.support.DefaultTestContext.getApplicationContext(DefaultTestContext.java:127)
	at org.springframework.test.context.web.ServletTestExecutionListener.setUpRequestContextIfNecessary(ServletTestExecutionListener.java:191)
	at org.springframework.test.context.web.ServletTestExecutionListener.prepareTestInstance(ServletTestExecutionListener.java:130)
	at org.springframework.test.context.TestContextManager.prepareTestInstance(TestContextManager.java:241)
	at org.springframework.test.context.junit.jupiter.SpringExtension.postProcessTestInstance(SpringExtension.java:138)
	at org.junit.jupiter.engine.descriptor.ClassBasedTestDescriptor.lambda$invokeTestInstancePostProcessors$10(ClassBasedTestDescriptor.java:377)
	at org.junit.jupiter.engine.descriptor.ClassBasedTestDescriptor.executeAndMaskThrowable(ClassBasedTestDescriptor.java:382)
	at org.junit.jupiter.engine.descriptor.ClassBasedTestDescriptor.lambda$invokeTestInstancePostProcessors$11(ClassBasedTestDescriptor.java:377)
	at java.base/java.util.stream.ReferencePipeline$3$1.accept(ReferencePipeline.java:212)
	at java.base/java.util.stream.ReferencePipeline$2$1.accept(ReferencePipeline.java:194)
	at java.base/java.util.ArrayList$ArrayListSpliterator.forEachRemaining(ArrayList.java:1709)
	at java.base/java.util.stream.AbstractPipeline.copyInto(AbstractPipeline.java:556)
	at java.base/java.util.stream.AbstractPipeline.wrapAndCopyInto(AbstractPipeline.java:546)
	at java.base/java.util.stream.StreamSpliterators$WrappingSpliterator.forEachRemaining(StreamSpliterators.java:310)
	at java.base/java.util.stream.Streams$ConcatSpliterator.forEachRemaining(Streams.java:735)
	at java.base/java.util.stream.Streams$ConcatSpliterator.forEachRemaining(Streams.java:734)
	at java.base/java.util.stream.ReferencePipeline$Head.forEach(ReferencePipeline.java:782)
	at org.junit.jupiter.engine.descriptor.ClassBasedTestDescriptor.invokeTestInstancePostProcessors(ClassBasedTestDescriptor.java:376)
	at org.junit.jupiter.engine.descriptor.ClassBasedTestDescriptor.lambda$instantiateAndPostProcessTestInstance$6(ClassBasedTestDescriptor.java:289)
	at org.junit.platform.engine.support.hierarchical.ThrowableCollector.execute(ThrowableCollector.java:73)
	at org.junit.jupiter.engine.descriptor.ClassBasedTestDescriptor.instantiateAndPostProcessTestInstance(ClassBasedTestDescriptor.java:288)
	at org.junit.jupiter.engine.descriptor.ClassBasedTestDescriptor.lambda$testInstancesProvider$4(ClassBasedTestDescriptor.java:278)
	at java.base/java.util.Optional.orElseGet(Optional.java:364)
	at org.junit.jupiter.engine.descriptor.ClassBasedTestDescriptor.lambda$testInstancesProvider$5(ClassBasedTestDescriptor.java:277)
	at org.junit.jupiter.engine.execution.TestInstancesProvider.getTestInstances(TestInstancesProvider.java:31)
	at org.junit.jupiter.engine.descriptor.TestMethodTestDescriptor.lambda$prepare$0(TestMethodTestDescriptor.java:105)
	at org.junit.platform.engine.support.hierarchical.ThrowableCollector.execute(ThrowableCollector.java:73)
	at org.junit.jupiter.engine.descriptor.TestMethodTestDescriptor.prepare(TestMethodTestDescriptor.java:104)
	at org.junit.jupiter.engine.descriptor.TestMethodTestDescriptor.prepare(TestMethodTestDescriptor.java:68)
	at org.junit.platform.engine.support.hierarchical.NodeTestTask.lambda$prepare$2(NodeTestTask.java:123)
	at org.junit.platform.engine.support.hierarchical.ThrowableCollector.execute(ThrowableCollector.java:73)
	at org.junit.platform.engine.support.hierarchical.NodeTestTask.prepare(NodeTestTask.java:123)
	at org.junit.platform.engine.support.hierarchical.NodeTestTask.execute(NodeTestTask.java:90)
	at java.base/java.util.ArrayList.forEach(ArrayList.java:1597)
	at org.junit.platform.engine.support.hierarchical.SameThreadHierarchicalTestExecutorService.invokeAll(SameThreadHierarchicalTestExecutorService.java:41)
	at org.junit.platform.engine.support.hierarchical.NodeTestTask.lambda$executeRecursively$6(NodeTestTask.java:155)
	at org.junit.platform.engine.support.hierarchical.ThrowableCollector.execute(ThrowableCollector.java:73)
	at org.junit.platform.engine.support.hierarchical.NodeTestTask.lambda$executeRecursively$8(NodeTestTask.java:141)
	at org.junit.platform.engine.support.hierarchical.Node.around(Node.java:137)
	at org.junit.platform.engine.support.hierarchical.NodeTestTask.lambda$executeRecursively$9(NodeTestTask.java:139)
	at org.junit.platform.engine.support.hierarchical.ThrowableCollector.execute(ThrowableCollector.java:73)
	at org.junit.platform.engine.support.hierarchical.NodeTestTask.executeRecursively(NodeTestTask.java:138)
	at org.junit.platform.engine.support.hierarchical.NodeTestTask.execute(NodeTestTask.java:95)
	at java.base/java.util.ArrayList.forEach(ArrayList.java:1597)
	at org.junit.platform.engine.support.hierarchical.SameThreadHierarchicalTestExecutorService.invokeAll(SameThreadHierarchicalTestExecutorService.java:41)
	at org.junit.platform.engine.support.hierarchical.NodeTestTask.lambda$executeRecursively$6(NodeTestTask.java:155)
	at org.junit.platform.engine.support.hierarchical.ThrowableCollector.execute(ThrowableCollector.java:73)
	at org.junit.platform.engine.support.hierarchical.NodeTestTask.lambda$executeRecursively$8(NodeTestTask.java:141)
	at org.junit.platform.engine.support.hierarchical.Node.around(Node.java:137)
	at org.junit.platform.engine.support.hierarchical.NodeTestTask.lambda$executeRecursively$9(NodeTestTask.java:139)
	at org.junit.platform.engine.support.hierarchical.ThrowableCollector.execute(ThrowableCollector.java:73)
	at org.junit.platform.engine.support.hierarchical.NodeTestTask.executeRecursively(NodeTestTask.java:138)
	at org.junit.platform.engine.support.hierarchical.NodeTestTask.execute(NodeTestTask.java:95)
	at org.junit.platform.engine.support.hierarchical.SameThreadHierarchicalTestExecutorService.submit(SameThreadHierarchicalTestExecutorService.java:35)
	at org.junit.platform.engine.support.hierarchical.HierarchicalTestExecutor.execute(HierarchicalTestExecutor.java:57)
	at org.junit.platform.engine.support.hierarchical.HierarchicalTestEngine.execute(HierarchicalTestEngine.java:54)
	at org.junit.platform.launcher.core.EngineExecutionOrchestrator.execute(EngineExecutionOrchestrator.java:147)
	at org.junit.platform.launcher.core.EngineExecutionOrchestrator.execute(EngineExecutionOrchestrator.java:127)
	at org.junit.platform.launcher.core.EngineExecutionOrchestrator.execute(EngineExecutionOrchestrator.java:90)
	at org.junit.platform.launcher.core.EngineExecutionOrchestrator.lambda$execute$0(EngineExecutionOrchestrator.java:55)
	at org.junit.platform.launcher.core.EngineExecutionOrchestrator.withInterceptedStreams(EngineExecutionOrchestrator.java:102)
	at org.junit.platform.launcher.core.EngineExecutionOrchestrator.execute(EngineExecutionOrchestrator.java:54)
	at org.junit.platform.launcher.core.DefaultLauncher.execute(DefaultLauncher.java:114)
	at org.junit.platform.launcher.core.DefaultLauncher.execute(DefaultLauncher.java:86)
	at org.junit.platform.launcher.core.DefaultLauncherSession$DelegatingLauncher.execute(DefaultLauncherSession.java:86)
	at org.apache.maven.surefire.junitplatform.LazyLauncher.execute(LazyLauncher.java:50)
	at org.apache.maven.surefire.junitplatform.JUnitPlatformProvider.execute(JUnitPlatformProvider.java:184)
	at org.apache.maven.surefire.junitplatform.JUnitPlatformProvider.invokeAllTests(JUnitPlatformProvider.java:148)
	at org.apache.maven.surefire.junitplatform.JUnitPlatformProvider.invoke(JUnitPlatformProvider.java:122)
	at org.apache.maven.surefire.booter.ForkedBooter.runSuitesInProcess(ForkedBooter.java:385)
	at org.apache.maven.surefire.booter.ForkedBooter.execute(ForkedBooter.java:162)
	at org.apache.maven.surefire.booter.ForkedBooter.run(ForkedBooter.java:507)
	at org.apache.maven.surefire.booter.ForkedBooter.main(ForkedBooter.java:495)
Caused by: org.springframework.beans.BeanInstantiationException: Failed to instantiate [com.g2.Components.PageBuilder]: No default constructor found
	at org.springframework.beans.factory.support.SimpleInstantiationStrategy.instantiate(SimpleInstantiationStrategy.java:83)
	at org.springframework.beans.factory.support.AbstractAutowireCapableBeanFactory.instantiateBean(AbstractAutowireCapableBeanFactory.java:1308)
	... 95 common frames omitted
Caused by: java.lang.NoSuchMethodException: com.g2.Components.PageBuilder.<init>()
	at java.base/java.lang.Class.getConstructor0(Class.java:3784)
	at java.base/java.lang.Class.getDeclaredConstructor(Class.java:2955)
	at org.springframework.beans.factory.support.SimpleInstantiationStrategy.instantiate(SimpleInstantiationStrategy.java:79)
	... 96 common frames omitted
2024-10-12 10:58:34 [main] ERROR o.s.test.context.TestContextManager - Caught exception while allowing TestExecutionListener [org.springframework.test.context.web.ServletTestExecutionListener] to prepare test instance [com.g2.t5.T5ApplicationTests@16a5eb6d]
java.lang.IllegalStateException: Failed to load ApplicationContext for [WebMergedContextConfiguration@5edacf20 testClass = com.g2.t5.T5ApplicationTests, locations = [], classes = [com.g2.t5.T5Application], contextInitializerClasses = [], activeProfiles = [], propertySourceLocations = [], propertySourceProperties = ["org.springframework.boot.test.context.SpringBootTestContextBootstrapper=true"], contextCustomizers = [org.springframework.boot.test.context.filter.ExcludeFilterContextCustomizer@2cb4893b, org.springframework.boot.test.json.DuplicateJsonObjectContextCustomizerFactory$DuplicateJsonObjectContextCustomizer@413d1baf, org.springframework.boot.test.mock.mockito.MockitoContextCustomizer@0, org.springframework.boot.test.web.client.TestRestTemplateContextCustomizer@31ea9581, org.springframework.boot.test.autoconfigure.actuate.observability.ObservabilityContextCustomizerFactory$DisableObservabilityContextCustomizer@1f, org.springframework.boot.test.autoconfigure.properties.PropertyMappingContextCustomizer@0, org.springframework.boot.test.autoconfigure.web.servlet.WebDriverContextCustomizerFactory$Customizer@25be7b63, org.springframework.boot.test.context.SpringBootTestAnnotation@ea33e903], resourceBasePath = "src/main/webapp", contextLoader = org.springframework.boot.test.context.SpringBootContextLoader, parent = null]
	at org.springframework.test.context.cache.DefaultCacheAwareContextLoaderDelegate.loadContext(DefaultCacheAwareContextLoaderDelegate.java:143)
	at org.springframework.test.context.support.DefaultTestContext.getApplicationContext(DefaultTestContext.java:127)
	at org.springframework.test.context.web.ServletTestExecutionListener.setUpRequestContextIfNecessary(ServletTestExecutionListener.java:191)
	at org.springframework.test.context.web.ServletTestExecutionListener.prepareTestInstance(ServletTestExecutionListener.java:130)
	at org.springframework.test.context.TestContextManager.prepareTestInstance(TestContextManager.java:241)
	at org.springframework.test.context.junit.jupiter.SpringExtension.postProcessTestInstance(SpringExtension.java:138)
	at org.junit.jupiter.engine.descriptor.ClassBasedTestDescriptor.lambda$invokeTestInstancePostProcessors$10(ClassBasedTestDescriptor.java:377)
	at org.junit.jupiter.engine.descriptor.ClassBasedTestDescriptor.executeAndMaskThrowable(ClassBasedTestDescriptor.java:382)
	at org.junit.jupiter.engine.descriptor.ClassBasedTestDescriptor.lambda$invokeTestInstancePostProcessors$11(ClassBasedTestDescriptor.java:377)
	at java.base/java.util.stream.ReferencePipeline$3$1.accept(ReferencePipeline.java:212)
	at java.base/java.util.stream.ReferencePipeline$2$1.accept(ReferencePipeline.java:194)
	at java.base/java.util.ArrayList$ArrayListSpliterator.forEachRemaining(ArrayList.java:1709)
	at java.base/java.util.stream.AbstractPipeline.copyInto(AbstractPipeline.java:556)
	at java.base/java.util.stream.AbstractPipeline.wrapAndCopyInto(AbstractPipeline.java:546)
	at java.base/java.util.stream.StreamSpliterators$WrappingSpliterator.forEachRemaining(StreamSpliterators.java:310)
	at java.base/java.util.stream.Streams$ConcatSpliterator.forEachRemaining(Streams.java:735)
	at java.base/java.util.stream.Streams$ConcatSpliterator.forEachRemaining(Streams.java:734)
	at java.base/java.util.stream.ReferencePipeline$Head.forEach(ReferencePipeline.java:782)
	at org.junit.jupiter.engine.descriptor.ClassBasedTestDescriptor.invokeTestInstancePostProcessors(ClassBasedTestDescriptor.java:376)
	at org.junit.jupiter.engine.descriptor.ClassBasedTestDescriptor.lambda$instantiateAndPostProcessTestInstance$6(ClassBasedTestDescriptor.java:289)
	at org.junit.platform.engine.support.hierarchical.ThrowableCollector.execute(ThrowableCollector.java:73)
	at org.junit.jupiter.engine.descriptor.ClassBasedTestDescriptor.instantiateAndPostProcessTestInstance(ClassBasedTestDescriptor.java:288)
	at org.junit.jupiter.engine.descriptor.ClassBasedTestDescriptor.lambda$testInstancesProvider$4(ClassBasedTestDescriptor.java:278)
	at java.base/java.util.Optional.orElseGet(Optional.java:364)
	at org.junit.jupiter.engine.descriptor.ClassBasedTestDescriptor.lambda$testInstancesProvider$5(ClassBasedTestDescriptor.java:277)
	at org.junit.jupiter.engine.execution.TestInstancesProvider.getTestInstances(TestInstancesProvider.java:31)
	at org.junit.jupiter.engine.descriptor.TestMethodTestDescriptor.lambda$prepare$0(TestMethodTestDescriptor.java:105)
	at org.junit.platform.engine.support.hierarchical.ThrowableCollector.execute(ThrowableCollector.java:73)
	at org.junit.jupiter.engine.descriptor.TestMethodTestDescriptor.prepare(TestMethodTestDescriptor.java:104)
	at org.junit.jupiter.engine.descriptor.TestMethodTestDescriptor.prepare(TestMethodTestDescriptor.java:68)
	at org.junit.platform.engine.support.hierarchical.NodeTestTask.lambda$prepare$2(NodeTestTask.java:123)
	at org.junit.platform.engine.support.hierarchical.ThrowableCollector.execute(ThrowableCollector.java:73)
	at org.junit.platform.engine.support.hierarchical.NodeTestTask.prepare(NodeTestTask.java:123)
	at org.junit.platform.engine.support.hierarchical.NodeTestTask.execute(NodeTestTask.java:90)
	at java.base/java.util.ArrayList.forEach(ArrayList.java:1597)
	at org.junit.platform.engine.support.hierarchical.SameThreadHierarchicalTestExecutorService.invokeAll(SameThreadHierarchicalTestExecutorService.java:41)
	at org.junit.platform.engine.support.hierarchical.NodeTestTask.lambda$executeRecursively$6(NodeTestTask.java:155)
	at org.junit.platform.engine.support.hierarchical.ThrowableCollector.execute(ThrowableCollector.java:73)
	at org.junit.platform.engine.support.hierarchical.NodeTestTask.lambda$executeRecursively$8(NodeTestTask.java:141)
	at org.junit.platform.engine.support.hierarchical.Node.around(Node.java:137)
	at org.junit.platform.engine.support.hierarchical.NodeTestTask.lambda$executeRecursively$9(NodeTestTask.java:139)
	at org.junit.platform.engine.support.hierarchical.ThrowableCollector.execute(ThrowableCollector.java:73)
	at org.junit.platform.engine.support.hierarchical.NodeTestTask.executeRecursively(NodeTestTask.java:138)
	at org.junit.platform.engine.support.hierarchical.NodeTestTask.execute(NodeTestTask.java:95)
	at java.base/java.util.ArrayList.forEach(ArrayList.java:1597)
	at org.junit.platform.engine.support.hierarchical.SameThreadHierarchicalTestExecutorService.invokeAll(SameThreadHierarchicalTestExecutorService.java:41)
	at org.junit.platform.engine.support.hierarchical.NodeTestTask.lambda$executeRecursively$6(NodeTestTask.java:155)
	at org.junit.platform.engine.support.hierarchical.ThrowableCollector.execute(ThrowableCollector.java:73)
	at org.junit.platform.engine.support.hierarchical.NodeTestTask.lambda$executeRecursively$8(NodeTestTask.java:141)
	at org.junit.platform.engine.support.hierarchical.Node.around(Node.java:137)
	at org.junit.platform.engine.support.hierarchical.NodeTestTask.lambda$executeRecursively$9(NodeTestTask.java:139)
	at org.junit.platform.engine.support.hierarchical.ThrowableCollector.execute(ThrowableCollector.java:73)
	at org.junit.platform.engine.support.hierarchical.NodeTestTask.executeRecursively(NodeTestTask.java:138)
	at org.junit.platform.engine.support.hierarchical.NodeTestTask.execute(NodeTestTask.java:95)
	at org.junit.platform.engine.support.hierarchical.SameThreadHierarchicalTestExecutorService.submit(SameThreadHierarchicalTestExecutorService.java:35)
	at org.junit.platform.engine.support.hierarchical.HierarchicalTestExecutor.execute(HierarchicalTestExecutor.java:57)
	at org.junit.platform.engine.support.hierarchical.HierarchicalTestEngine.execute(HierarchicalTestEngine.java:54)
	at org.junit.platform.launcher.core.EngineExecutionOrchestrator.execute(EngineExecutionOrchestrator.java:147)
	at org.junit.platform.launcher.core.EngineExecutionOrchestrator.execute(EngineExecutionOrchestrator.java:127)
	at org.junit.platform.launcher.core.EngineExecutionOrchestrator.execute(EngineExecutionOrchestrator.java:90)
	at org.junit.platform.launcher.core.EngineExecutionOrchestrator.lambda$execute$0(EngineExecutionOrchestrator.java:55)
	at org.junit.platform.launcher.core.EngineExecutionOrchestrator.withInterceptedStreams(EngineExecutionOrchestrator.java:102)
	at org.junit.platform.launcher.core.EngineExecutionOrchestrator.execute(EngineExecutionOrchestrator.java:54)
	at org.junit.platform.launcher.core.DefaultLauncher.execute(DefaultLauncher.java:114)
	at org.junit.platform.launcher.core.DefaultLauncher.execute(DefaultLauncher.java:86)
	at org.junit.platform.launcher.core.DefaultLauncherSession$DelegatingLauncher.execute(DefaultLauncherSession.java:86)
	at org.apache.maven.surefire.junitplatform.LazyLauncher.execute(LazyLauncher.java:50)
	at org.apache.maven.surefire.junitplatform.JUnitPlatformProvider.execute(JUnitPlatformProvider.java:184)
	at org.apache.maven.surefire.junitplatform.JUnitPlatformProvider.invokeAllTests(JUnitPlatformProvider.java:148)
	at org.apache.maven.surefire.junitplatform.JUnitPlatformProvider.invoke(JUnitPlatformProvider.java:122)
	at org.apache.maven.surefire.booter.ForkedBooter.runSuitesInProcess(ForkedBooter.java:385)
	at org.apache.maven.surefire.booter.ForkedBooter.execute(ForkedBooter.java:162)
	at org.apache.maven.surefire.booter.ForkedBooter.run(ForkedBooter.java:507)
	at org.apache.maven.surefire.booter.ForkedBooter.main(ForkedBooter.java:495)
Caused by: org.springframework.beans.factory.BeanCreationException: Error creating bean with name 'pageBuilder' defined in file [/home/heinecantor/Desktop/git/A13/T5-G2/t5/target/classes/com/g2/Components/PageBuilder.class]: Failed to instantiate [com.g2.Components.PageBuilder]: No default constructor found
	at org.springframework.beans.factory.support.AbstractAutowireCapableBeanFactory.instantiateBean(AbstractAutowireCapableBeanFactory.java:1314)
	at org.springframework.beans.factory.support.AbstractAutowireCapableBeanFactory.createBeanInstance(AbstractAutowireCapableBeanFactory.java:1199)
	at org.springframework.beans.factory.support.AbstractAutowireCapableBeanFactory.doCreateBean(AbstractAutowireCapableBeanFactory.java:560)
	at org.springframework.beans.factory.support.AbstractAutowireCapableBeanFactory.createBean(AbstractAutowireCapableBeanFactory.java:520)
	at org.springframework.beans.factory.support.AbstractBeanFactory.lambda$doGetBean$0(AbstractBeanFactory.java:326)
	at org.springframework.beans.factory.support.DefaultSingletonBeanRegistry.getSingleton(DefaultSingletonBeanRegistry.java:234)
	at org.springframework.beans.factory.support.AbstractBeanFactory.doGetBean(AbstractBeanFactory.java:324)
	at org.springframework.beans.factory.support.AbstractBeanFactory.getBean(AbstractBeanFactory.java:200)
	at org.springframework.beans.factory.support.DefaultListableBeanFactory.preInstantiateSingletons(DefaultListableBeanFactory.java:973)
	at org.springframework.context.support.AbstractApplicationContext.finishBeanFactoryInitialization(AbstractApplicationContext.java:941)
	at org.springframework.context.support.AbstractApplicationContext.refresh(AbstractApplicationContext.java:608)
	at org.springframework.boot.SpringApplication.refresh(SpringApplication.java:734)
	at org.springframework.boot.SpringApplication.refreshContext(SpringApplication.java:436)
	at org.springframework.boot.SpringApplication.run(SpringApplication.java:312)
	at org.springframework.boot.test.context.SpringBootContextLoader.lambda$loadContext$3(SpringBootContextLoader.java:137)
	at org.springframework.util.function.ThrowingSupplier.get(ThrowingSupplier.java:58)
	at org.springframework.util.function.ThrowingSupplier.get(ThrowingSupplier.java:46)
	at org.springframework.boot.SpringApplication.withHook(SpringApplication.java:1406)
	at org.springframework.boot.test.context.SpringBootContextLoader$ContextLoaderHook.run(SpringBootContextLoader.java:545)
	at org.springframework.boot.test.context.SpringBootContextLoader.loadContext(SpringBootContextLoader.java:137)
	at org.springframework.boot.test.context.SpringBootContextLoader.loadContext(SpringBootContextLoader.java:108)
	at org.springframework.test.context.cache.DefaultCacheAwareContextLoaderDelegate.loadContextInternal(DefaultCacheAwareContextLoaderDelegate.java:187)
	at org.springframework.test.context.cache.DefaultCacheAwareContextLoaderDelegate.loadContext(DefaultCacheAwareContextLoaderDelegate.java:119)
	... 73 common frames omitted
Caused by: org.springframework.beans.BeanInstantiationException: Failed to instantiate [com.g2.Components.PageBuilder]: No default constructor found
	at org.springframework.beans.factory.support.SimpleInstantiationStrategy.instantiate(SimpleInstantiationStrategy.java:83)
	at org.springframework.beans.factory.support.AbstractAutowireCapableBeanFactory.instantiateBean(AbstractAutowireCapableBeanFactory.java:1308)
	... 95 common frames omitted
Caused by: java.lang.NoSuchMethodException: com.g2.Components.PageBuilder.<init>()
	at java.base/java.lang.Class.getConstructor0(Class.java:3784)
	at java.base/java.lang.Class.getDeclaredConstructor(Class.java:2955)
	at org.springframework.beans.factory.support.SimpleInstantiationStrategy.instantiate(SimpleInstantiationStrategy.java:79)
	... 96 common frames omitted
2024-10-12 11:02:01 [main] INFO  com.g2.t5.T5ApplicationTests - Starting T5ApplicationTests using Java 22.0.2 with PID 2637 (started by heinecantor in /home/heinecantor/Desktop/git/A13/T5-G2/t5)
2024-10-12 11:02:01 [main] DEBUG com.g2.t5.T5ApplicationTests - Running with Spring Boot v3.1.1, Spring v6.0.10
2024-10-12 11:02:01 [main] INFO  com.g2.t5.T5ApplicationTests - No active profile set, falling back to 1 default profile: "default"
2024-10-12 11:02:01 [main] INFO  c.g2.Interfaces.ServiceManagerLogger - [SERVICE CREATION] Creazione del servizio: T1Service
2024-10-12 11:02:01 [main] INFO  c.g2.Interfaces.ServiceManagerLogger - [SERVICE CREATION] Creazione del servizio: T23Service
2024-10-12 11:02:01 [main] INFO  c.g2.Interfaces.ServiceManagerLogger - [SERVICE CREATION] Creazione del servizio: T4Service
2024-10-12 11:02:01 [main] INFO  c.g2.Interfaces.ServiceManagerLogger - [SERVICE CREATION] Creazione del servizio: T7Service
2024-10-12 11:02:01 [main] INFO  c.g2.Interfaces.ServiceManagerLogger - [SERVICE CREATION] Creazione del servizio: T1Service
2024-10-12 11:02:01 [main] INFO  c.g2.Interfaces.ServiceManagerLogger - [SERVICE CREATION] Creazione del servizio: T23Service
2024-10-12 11:02:01 [main] INFO  c.g2.Interfaces.ServiceManagerLogger - [SERVICE CREATION] Creazione del servizio: T4Service
2024-10-12 11:02:01 [main] INFO  c.g2.Interfaces.ServiceManagerLogger - [SERVICE CREATION] Creazione del servizio: T7Service
2024-10-12 11:02:02 [main] INFO  o.s.b.a.e.web.EndpointLinksResolver - Exposing 1 endpoint(s) beneath base path '/actuator'
2024-10-12 11:02:02 [main] INFO  com.g2.t5.T5ApplicationTests - Started T5ApplicationTests in 1.061 seconds (process running for 1.512)
2024-10-12 12:06:19 [main] INFO  com.g2.t5.T5ApplicationTests - Starting T5ApplicationTests using Java 22.0.2 with PID 16269 (started by heinecantor in /home/heinecantor/Desktop/git/A13/T5-G2/t5)
2024-10-12 12:06:19 [main] DEBUG com.g2.t5.T5ApplicationTests - Running with Spring Boot v3.1.1, Spring v6.0.10
2024-10-12 12:06:19 [main] INFO  com.g2.t5.T5ApplicationTests - No active profile set, falling back to 1 default profile: "default"
2024-10-12 12:06:19 [main] INFO  c.g2.Interfaces.ServiceManagerLogger - [SERVICE CREATION] Creazione del servizio: T1Service
2024-10-12 12:06:19 [main] INFO  c.g2.Interfaces.ServiceManagerLogger - [SERVICE CREATION] Creazione del servizio: T23Service
2024-10-12 12:06:19 [main] INFO  c.g2.Interfaces.ServiceManagerLogger - [SERVICE CREATION] Creazione del servizio: T4Service
2024-10-12 12:06:19 [main] INFO  c.g2.Interfaces.ServiceManagerLogger - [SERVICE CREATION] Creazione del servizio: T7Service
2024-10-12 12:06:19 [main] INFO  c.g2.Interfaces.ServiceManagerLogger - [SERVICE CREATION] Creazione del servizio: T1Service
2024-10-12 12:06:19 [main] INFO  c.g2.Interfaces.ServiceManagerLogger - [SERVICE CREATION] Creazione del servizio: T23Service
2024-10-12 12:06:19 [main] INFO  c.g2.Interfaces.ServiceManagerLogger - [SERVICE CREATION] Creazione del servizio: T4Service
2024-10-12 12:06:19 [main] INFO  c.g2.Interfaces.ServiceManagerLogger - [SERVICE CREATION] Creazione del servizio: T7Service
2024-10-12 12:06:20 [main] INFO  o.s.b.a.e.web.EndpointLinksResolver - Exposing 1 endpoint(s) beneath base path '/actuator'
2024-10-12 12:06:20 [main] INFO  com.g2.t5.T5ApplicationTests - Started T5ApplicationTests in 1.346 seconds (process running for 2.02)
2024-10-15 09:28:02 [main] INFO  com.g2.t5.T5ApplicationTests - Starting T5ApplicationTests using Java 22.0.2 with PID 1255 (started by heinecantor in /home/heinecantor/Desktop/git/A13/T5-G2/t5)
2024-10-15 09:28:02 [main] DEBUG com.g2.t5.T5ApplicationTests - Running with Spring Boot v3.1.1, Spring v6.0.10
2024-10-15 09:28:02 [main] INFO  com.g2.t5.T5ApplicationTests - No active profile set, falling back to 1 default profile: "default"
2024-10-15 09:28:03 [main] INFO  c.g2.Interfaces.ServiceManagerLogger - [SERVICE CREATION] Creazione del servizio: T1Service
2024-10-15 09:28:03 [main] INFO  c.g2.Interfaces.ServiceManagerLogger - [SERVICE CREATION] Creazione del servizio: T23Service
2024-10-15 09:28:03 [main] INFO  c.g2.Interfaces.ServiceManagerLogger - [SERVICE CREATION] Creazione del servizio: T4Service
2024-10-15 09:28:03 [main] INFO  c.g2.Interfaces.ServiceManagerLogger - [SERVICE CREATION] Creazione del servizio: T7Service
2024-10-15 09:28:03 [main] INFO  c.g2.Interfaces.ServiceManagerLogger - [SERVICE CREATION] Creazione del servizio: T1Service
2024-10-15 09:28:03 [main] INFO  c.g2.Interfaces.ServiceManagerLogger - [SERVICE CREATION] Creazione del servizio: T23Service
2024-10-15 09:28:03 [main] INFO  c.g2.Interfaces.ServiceManagerLogger - [SERVICE CREATION] Creazione del servizio: T4Service
2024-10-15 09:28:03 [main] INFO  c.g2.Interfaces.ServiceManagerLogger - [SERVICE CREATION] Creazione del servizio: T7Service
2024-10-15 09:28:03 [main] WARN  o.s.w.c.s.GenericWebApplicationContext - Exception encountered during context initialization - cancelling refresh attempt: org.springframework.beans.factory.UnsatisfiedDependencyException: Error creating bean with name 'guiController': Unsatisfied dependency expressed through field 'achievementService': No qualifying bean of type 'com.g2.Service.AchievementService' available: expected at least 1 bean which qualifies as autowire candidate. Dependency annotations: {@org.springframework.beans.factory.annotation.Autowired(required=true)}
2024-10-15 09:28:03 [main] INFO  o.s.b.a.l.ConditionEvaluationReportLogger - 

Error starting ApplicationContext. To display the condition evaluation report re-run your application with 'debug' enabled.
2024-10-15 09:28:03 [main] ERROR o.s.b.d.LoggingFailureAnalysisReporter - 

***************************
APPLICATION FAILED TO START
***************************

Description:

Field achievementService in com.g2.t5.GuiController required a bean of type 'com.g2.Service.AchievementService' that could not be found.

The injection point has the following annotations:
	- @org.springframework.beans.factory.annotation.Autowired(required=true)


Action:

Consider defining a bean of type 'com.g2.Service.AchievementService' in your configuration.

2024-10-15 09:28:03 [main] ERROR o.s.test.context.TestContextManager - Caught exception while allowing TestExecutionListener [org.springframework.test.context.web.ServletTestExecutionListener] to prepare test instance [com.g2.t5.T5ApplicationTests@67774e29]
java.lang.IllegalStateException: Failed to load ApplicationContext for [WebMergedContextConfiguration@40fa8766 testClass = com.g2.t5.T5ApplicationTests, locations = [], classes = [com.g2.t5.T5Application], contextInitializerClasses = [], activeProfiles = [], propertySourceLocations = [], propertySourceProperties = ["org.springframework.boot.test.context.SpringBootTestContextBootstrapper=true"], contextCustomizers = [org.springframework.boot.test.context.filter.ExcludeFilterContextCustomizer@2cb4893b, org.springframework.boot.test.json.DuplicateJsonObjectContextCustomizerFactory$DuplicateJsonObjectContextCustomizer@413d1baf, org.springframework.boot.test.mock.mockito.MockitoContextCustomizer@0, org.springframework.boot.test.web.client.TestRestTemplateContextCustomizer@31ea9581, org.springframework.boot.test.autoconfigure.actuate.observability.ObservabilityContextCustomizerFactory$DisableObservabilityContextCustomizer@1f, org.springframework.boot.test.autoconfigure.properties.PropertyMappingContextCustomizer@0, org.springframework.boot.test.autoconfigure.web.servlet.WebDriverContextCustomizerFactory$Customizer@25be7b63, org.springframework.boot.test.context.SpringBootTestAnnotation@ea33e903], resourceBasePath = "src/main/webapp", contextLoader = org.springframework.boot.test.context.SpringBootContextLoader, parent = null]
	at org.springframework.test.context.cache.DefaultCacheAwareContextLoaderDelegate.loadContext(DefaultCacheAwareContextLoaderDelegate.java:143)
	at org.springframework.test.context.support.DefaultTestContext.getApplicationContext(DefaultTestContext.java:127)
	at org.springframework.test.context.web.ServletTestExecutionListener.setUpRequestContextIfNecessary(ServletTestExecutionListener.java:191)
	at org.springframework.test.context.web.ServletTestExecutionListener.prepareTestInstance(ServletTestExecutionListener.java:130)
	at org.springframework.test.context.TestContextManager.prepareTestInstance(TestContextManager.java:241)
	at org.springframework.test.context.junit.jupiter.SpringExtension.postProcessTestInstance(SpringExtension.java:138)
	at org.junit.jupiter.engine.descriptor.ClassBasedTestDescriptor.lambda$invokeTestInstancePostProcessors$10(ClassBasedTestDescriptor.java:377)
	at org.junit.jupiter.engine.descriptor.ClassBasedTestDescriptor.executeAndMaskThrowable(ClassBasedTestDescriptor.java:382)
	at org.junit.jupiter.engine.descriptor.ClassBasedTestDescriptor.lambda$invokeTestInstancePostProcessors$11(ClassBasedTestDescriptor.java:377)
	at java.base/java.util.stream.ReferencePipeline$3$1.accept(ReferencePipeline.java:212)
	at java.base/java.util.stream.ReferencePipeline$2$1.accept(ReferencePipeline.java:194)
	at java.base/java.util.ArrayList$ArrayListSpliterator.forEachRemaining(ArrayList.java:1709)
	at java.base/java.util.stream.AbstractPipeline.copyInto(AbstractPipeline.java:556)
	at java.base/java.util.stream.AbstractPipeline.wrapAndCopyInto(AbstractPipeline.java:546)
	at java.base/java.util.stream.StreamSpliterators$WrappingSpliterator.forEachRemaining(StreamSpliterators.java:310)
	at java.base/java.util.stream.Streams$ConcatSpliterator.forEachRemaining(Streams.java:735)
	at java.base/java.util.stream.Streams$ConcatSpliterator.forEachRemaining(Streams.java:734)
	at java.base/java.util.stream.ReferencePipeline$Head.forEach(ReferencePipeline.java:782)
	at org.junit.jupiter.engine.descriptor.ClassBasedTestDescriptor.invokeTestInstancePostProcessors(ClassBasedTestDescriptor.java:376)
	at org.junit.jupiter.engine.descriptor.ClassBasedTestDescriptor.lambda$instantiateAndPostProcessTestInstance$6(ClassBasedTestDescriptor.java:289)
	at org.junit.platform.engine.support.hierarchical.ThrowableCollector.execute(ThrowableCollector.java:73)
	at org.junit.jupiter.engine.descriptor.ClassBasedTestDescriptor.instantiateAndPostProcessTestInstance(ClassBasedTestDescriptor.java:288)
	at org.junit.jupiter.engine.descriptor.ClassBasedTestDescriptor.lambda$testInstancesProvider$4(ClassBasedTestDescriptor.java:278)
	at java.base/java.util.Optional.orElseGet(Optional.java:364)
	at org.junit.jupiter.engine.descriptor.ClassBasedTestDescriptor.lambda$testInstancesProvider$5(ClassBasedTestDescriptor.java:277)
	at org.junit.jupiter.engine.execution.TestInstancesProvider.getTestInstances(TestInstancesProvider.java:31)
	at org.junit.jupiter.engine.descriptor.TestMethodTestDescriptor.lambda$prepare$0(TestMethodTestDescriptor.java:105)
	at org.junit.platform.engine.support.hierarchical.ThrowableCollector.execute(ThrowableCollector.java:73)
	at org.junit.jupiter.engine.descriptor.TestMethodTestDescriptor.prepare(TestMethodTestDescriptor.java:104)
	at org.junit.jupiter.engine.descriptor.TestMethodTestDescriptor.prepare(TestMethodTestDescriptor.java:68)
	at org.junit.platform.engine.support.hierarchical.NodeTestTask.lambda$prepare$2(NodeTestTask.java:123)
	at org.junit.platform.engine.support.hierarchical.ThrowableCollector.execute(ThrowableCollector.java:73)
	at org.junit.platform.engine.support.hierarchical.NodeTestTask.prepare(NodeTestTask.java:123)
	at org.junit.platform.engine.support.hierarchical.NodeTestTask.execute(NodeTestTask.java:90)
	at java.base/java.util.ArrayList.forEach(ArrayList.java:1597)
	at org.junit.platform.engine.support.hierarchical.SameThreadHierarchicalTestExecutorService.invokeAll(SameThreadHierarchicalTestExecutorService.java:41)
	at org.junit.platform.engine.support.hierarchical.NodeTestTask.lambda$executeRecursively$6(NodeTestTask.java:155)
	at org.junit.platform.engine.support.hierarchical.ThrowableCollector.execute(ThrowableCollector.java:73)
	at org.junit.platform.engine.support.hierarchical.NodeTestTask.lambda$executeRecursively$8(NodeTestTask.java:141)
	at org.junit.platform.engine.support.hierarchical.Node.around(Node.java:137)
	at org.junit.platform.engine.support.hierarchical.NodeTestTask.lambda$executeRecursively$9(NodeTestTask.java:139)
	at org.junit.platform.engine.support.hierarchical.ThrowableCollector.execute(ThrowableCollector.java:73)
	at org.junit.platform.engine.support.hierarchical.NodeTestTask.executeRecursively(NodeTestTask.java:138)
	at org.junit.platform.engine.support.hierarchical.NodeTestTask.execute(NodeTestTask.java:95)
	at java.base/java.util.ArrayList.forEach(ArrayList.java:1597)
	at org.junit.platform.engine.support.hierarchical.SameThreadHierarchicalTestExecutorService.invokeAll(SameThreadHierarchicalTestExecutorService.java:41)
	at org.junit.platform.engine.support.hierarchical.NodeTestTask.lambda$executeRecursively$6(NodeTestTask.java:155)
	at org.junit.platform.engine.support.hierarchical.ThrowableCollector.execute(ThrowableCollector.java:73)
	at org.junit.platform.engine.support.hierarchical.NodeTestTask.lambda$executeRecursively$8(NodeTestTask.java:141)
	at org.junit.platform.engine.support.hierarchical.Node.around(Node.java:137)
	at org.junit.platform.engine.support.hierarchical.NodeTestTask.lambda$executeRecursively$9(NodeTestTask.java:139)
	at org.junit.platform.engine.support.hierarchical.ThrowableCollector.execute(ThrowableCollector.java:73)
	at org.junit.platform.engine.support.hierarchical.NodeTestTask.executeRecursively(NodeTestTask.java:138)
	at org.junit.platform.engine.support.hierarchical.NodeTestTask.execute(NodeTestTask.java:95)
	at org.junit.platform.engine.support.hierarchical.SameThreadHierarchicalTestExecutorService.submit(SameThreadHierarchicalTestExecutorService.java:35)
	at org.junit.platform.engine.support.hierarchical.HierarchicalTestExecutor.execute(HierarchicalTestExecutor.java:57)
	at org.junit.platform.engine.support.hierarchical.HierarchicalTestEngine.execute(HierarchicalTestEngine.java:54)
	at org.junit.platform.launcher.core.EngineExecutionOrchestrator.execute(EngineExecutionOrchestrator.java:147)
	at org.junit.platform.launcher.core.EngineExecutionOrchestrator.execute(EngineExecutionOrchestrator.java:127)
	at org.junit.platform.launcher.core.EngineExecutionOrchestrator.execute(EngineExecutionOrchestrator.java:90)
	at org.junit.platform.launcher.core.EngineExecutionOrchestrator.lambda$execute$0(EngineExecutionOrchestrator.java:55)
	at org.junit.platform.launcher.core.EngineExecutionOrchestrator.withInterceptedStreams(EngineExecutionOrchestrator.java:102)
	at org.junit.platform.launcher.core.EngineExecutionOrchestrator.execute(EngineExecutionOrchestrator.java:54)
	at org.junit.platform.launcher.core.DefaultLauncher.execute(DefaultLauncher.java:114)
	at org.junit.platform.launcher.core.DefaultLauncher.execute(DefaultLauncher.java:86)
	at org.junit.platform.launcher.core.DefaultLauncherSession$DelegatingLauncher.execute(DefaultLauncherSession.java:86)
	at org.apache.maven.surefire.junitplatform.LazyLauncher.execute(LazyLauncher.java:50)
	at org.apache.maven.surefire.junitplatform.JUnitPlatformProvider.execute(JUnitPlatformProvider.java:184)
	at org.apache.maven.surefire.junitplatform.JUnitPlatformProvider.invokeAllTests(JUnitPlatformProvider.java:148)
	at org.apache.maven.surefire.junitplatform.JUnitPlatformProvider.invoke(JUnitPlatformProvider.java:122)
	at org.apache.maven.surefire.booter.ForkedBooter.runSuitesInProcess(ForkedBooter.java:385)
	at org.apache.maven.surefire.booter.ForkedBooter.execute(ForkedBooter.java:162)
	at org.apache.maven.surefire.booter.ForkedBooter.run(ForkedBooter.java:507)
	at org.apache.maven.surefire.booter.ForkedBooter.main(ForkedBooter.java:495)
Caused by: org.springframework.beans.factory.UnsatisfiedDependencyException: Error creating bean with name 'guiController': Unsatisfied dependency expressed through field 'achievementService': No qualifying bean of type 'com.g2.Service.AchievementService' available: expected at least 1 bean which qualifies as autowire candidate. Dependency annotations: {@org.springframework.beans.factory.annotation.Autowired(required=true)}
	at org.springframework.beans.factory.annotation.AutowiredAnnotationBeanPostProcessor$AutowiredFieldElement.resolveFieldValue(AutowiredAnnotationBeanPostProcessor.java:714)
	at org.springframework.beans.factory.annotation.AutowiredAnnotationBeanPostProcessor$AutowiredFieldElement.inject(AutowiredAnnotationBeanPostProcessor.java:694)
	at org.springframework.beans.factory.annotation.InjectionMetadata.inject(InjectionMetadata.java:145)
	at org.springframework.beans.factory.annotation.AutowiredAnnotationBeanPostProcessor.postProcessProperties(AutowiredAnnotationBeanPostProcessor.java:483)
	at org.springframework.beans.factory.support.AbstractAutowireCapableBeanFactory.populateBean(AbstractAutowireCapableBeanFactory.java:1416)
	at org.springframework.beans.factory.support.AbstractAutowireCapableBeanFactory.doCreateBean(AbstractAutowireCapableBeanFactory.java:597)
	at org.springframework.beans.factory.support.AbstractAutowireCapableBeanFactory.createBean(AbstractAutowireCapableBeanFactory.java:520)
	at org.springframework.beans.factory.support.AbstractBeanFactory.lambda$doGetBean$0(AbstractBeanFactory.java:326)
	at org.springframework.beans.factory.support.DefaultSingletonBeanRegistry.getSingleton(DefaultSingletonBeanRegistry.java:234)
	at org.springframework.beans.factory.support.AbstractBeanFactory.doGetBean(AbstractBeanFactory.java:324)
	at org.springframework.beans.factory.support.AbstractBeanFactory.getBean(AbstractBeanFactory.java:200)
	at org.springframework.beans.factory.support.DefaultListableBeanFactory.preInstantiateSingletons(DefaultListableBeanFactory.java:973)
	at org.springframework.context.support.AbstractApplicationContext.finishBeanFactoryInitialization(AbstractApplicationContext.java:941)
	at org.springframework.context.support.AbstractApplicationContext.refresh(AbstractApplicationContext.java:608)
	at org.springframework.boot.SpringApplication.refresh(SpringApplication.java:734)
	at org.springframework.boot.SpringApplication.refreshContext(SpringApplication.java:436)
	at org.springframework.boot.SpringApplication.run(SpringApplication.java:312)
	at org.springframework.boot.test.context.SpringBootContextLoader.lambda$loadContext$3(SpringBootContextLoader.java:137)
	at org.springframework.util.function.ThrowingSupplier.get(ThrowingSupplier.java:58)
	at org.springframework.util.function.ThrowingSupplier.get(ThrowingSupplier.java:46)
	at org.springframework.boot.SpringApplication.withHook(SpringApplication.java:1406)
	at org.springframework.boot.test.context.SpringBootContextLoader$ContextLoaderHook.run(SpringBootContextLoader.java:545)
	at org.springframework.boot.test.context.SpringBootContextLoader.loadContext(SpringBootContextLoader.java:137)
	at org.springframework.boot.test.context.SpringBootContextLoader.loadContext(SpringBootContextLoader.java:108)
	at org.springframework.test.context.cache.DefaultCacheAwareContextLoaderDelegate.loadContextInternal(DefaultCacheAwareContextLoaderDelegate.java:187)
	at org.springframework.test.context.cache.DefaultCacheAwareContextLoaderDelegate.loadContext(DefaultCacheAwareContextLoaderDelegate.java:119)
	... 73 common frames omitted
Caused by: org.springframework.beans.factory.NoSuchBeanDefinitionException: No qualifying bean of type 'com.g2.Service.AchievementService' available: expected at least 1 bean which qualifies as autowire candidate. Dependency annotations: {@org.springframework.beans.factory.annotation.Autowired(required=true)}
	at org.springframework.beans.factory.support.DefaultListableBeanFactory.raiseNoMatchingBeanFound(DefaultListableBeanFactory.java:1824)
	at org.springframework.beans.factory.support.DefaultListableBeanFactory.doResolveDependency(DefaultListableBeanFactory.java:1383)
	at org.springframework.beans.factory.support.DefaultListableBeanFactory.resolveDependency(DefaultListableBeanFactory.java:1337)
	at org.springframework.beans.factory.annotation.AutowiredAnnotationBeanPostProcessor$AutowiredFieldElement.resolveFieldValue(AutowiredAnnotationBeanPostProcessor.java:711)
	... 98 common frames omitted
2024-10-15 09:29:08 [main] INFO  com.g2.t5.T5ApplicationTests - Starting T5ApplicationTests using Java 22.0.2 with PID 1503 (started by heinecantor in /home/heinecantor/Desktop/git/A13/T5-G2/t5)
2024-10-15 09:29:08 [main] DEBUG com.g2.t5.T5ApplicationTests - Running with Spring Boot v3.1.1, Spring v6.0.10
2024-10-15 09:29:08 [main] INFO  com.g2.t5.T5ApplicationTests - No active profile set, falling back to 1 default profile: "default"
2024-10-15 09:29:08 [main] INFO  c.g2.Interfaces.ServiceManagerLogger - [SERVICE CREATION] Creazione del servizio: T1Service
2024-10-15 09:29:08 [main] INFO  c.g2.Interfaces.ServiceManagerLogger - [SERVICE CREATION] Creazione del servizio: T23Service
2024-10-15 09:29:08 [main] INFO  c.g2.Interfaces.ServiceManagerLogger - [SERVICE CREATION] Creazione del servizio: T4Service
2024-10-15 09:29:08 [main] INFO  c.g2.Interfaces.ServiceManagerLogger - [SERVICE CREATION] Creazione del servizio: T7Service
2024-10-15 09:29:08 [main] INFO  c.g2.Interfaces.ServiceManagerLogger - [SERVICE CREATION] Creazione del servizio: T1Service
2024-10-15 09:29:08 [main] INFO  c.g2.Interfaces.ServiceManagerLogger - [SERVICE CREATION] Creazione del servizio: T23Service
2024-10-15 09:29:08 [main] INFO  c.g2.Interfaces.ServiceManagerLogger - [SERVICE CREATION] Creazione del servizio: T4Service
2024-10-15 09:29:08 [main] INFO  c.g2.Interfaces.ServiceManagerLogger - [SERVICE CREATION] Creazione del servizio: T7Service
2024-10-15 09:29:08 [main] INFO  c.g2.Interfaces.ServiceManagerLogger - [SERVICE CREATION] Creazione del servizio: T1Service
2024-10-15 09:29:08 [main] INFO  c.g2.Interfaces.ServiceManagerLogger - [SERVICE CREATION] Creazione del servizio: T23Service
2024-10-15 09:29:08 [main] INFO  c.g2.Interfaces.ServiceManagerLogger - [SERVICE CREATION] Creazione del servizio: T4Service
2024-10-15 09:29:08 [main] INFO  c.g2.Interfaces.ServiceManagerLogger - [SERVICE CREATION] Creazione del servizio: T7Service
2024-10-15 09:29:08 [main] INFO  o.s.b.a.e.web.EndpointLinksResolver - Exposing 1 endpoint(s) beneath base path '/actuator'
2024-10-15 09:29:08 [main] INFO  com.g2.t5.T5ApplicationTests - Started T5ApplicationTests in 1.104 seconds (process running for 1.559)
2024-10-15 09:30:31 [main] INFO  com.g2.t5.T5ApplicationTests - Starting T5ApplicationTests using Java 22.0.2 with PID 1688 (started by heinecantor in /home/heinecantor/Desktop/git/A13/T5-G2/t5)
2024-10-15 09:30:31 [main] DEBUG com.g2.t5.T5ApplicationTests - Running with Spring Boot v3.1.1, Spring v6.0.10
2024-10-15 09:30:31 [main] INFO  com.g2.t5.T5ApplicationTests - No active profile set, falling back to 1 default profile: "default"
2024-10-15 09:30:31 [main] INFO  c.g2.Interfaces.ServiceManagerLogger - [SERVICE CREATION] Creazione del servizio: T1Service
2024-10-15 09:30:31 [main] INFO  c.g2.Interfaces.ServiceManagerLogger - [SERVICE CREATION] Creazione del servizio: T23Service
2024-10-15 09:30:31 [main] INFO  c.g2.Interfaces.ServiceManagerLogger - [SERVICE CREATION] Creazione del servizio: T4Service
2024-10-15 09:30:31 [main] INFO  c.g2.Interfaces.ServiceManagerLogger - [SERVICE CREATION] Creazione del servizio: T7Service
2024-10-15 09:30:31 [main] INFO  c.g2.Interfaces.ServiceManagerLogger - [SERVICE CREATION] Creazione del servizio: T1Service
2024-10-15 09:30:31 [main] INFO  c.g2.Interfaces.ServiceManagerLogger - [SERVICE CREATION] Creazione del servizio: T23Service
2024-10-15 09:30:31 [main] INFO  c.g2.Interfaces.ServiceManagerLogger - [SERVICE CREATION] Creazione del servizio: T4Service
2024-10-15 09:30:31 [main] INFO  c.g2.Interfaces.ServiceManagerLogger - [SERVICE CREATION] Creazione del servizio: T7Service
2024-10-15 09:30:31 [main] INFO  c.g2.Interfaces.ServiceManagerLogger - [SERVICE CREATION] Creazione del servizio: T1Service
2024-10-15 09:30:31 [main] INFO  c.g2.Interfaces.ServiceManagerLogger - [SERVICE CREATION] Creazione del servizio: T23Service
2024-10-15 09:30:31 [main] INFO  c.g2.Interfaces.ServiceManagerLogger - [SERVICE CREATION] Creazione del servizio: T4Service
2024-10-15 09:30:31 [main] INFO  c.g2.Interfaces.ServiceManagerLogger - [SERVICE CREATION] Creazione del servizio: T7Service
2024-10-15 09:30:32 [main] INFO  o.s.b.a.e.web.EndpointLinksResolver - Exposing 1 endpoint(s) beneath base path '/actuator'
2024-10-15 09:30:32 [main] INFO  com.g2.t5.T5ApplicationTests - Started T5ApplicationTests in 1.081 seconds (process running for 1.546)
2024-10-15 09:39:21 [main] INFO  com.g2.t5.T5ApplicationTests - Starting T5ApplicationTests using Java 22.0.2 with PID 1937 (started by heinecantor in /home/heinecantor/Desktop/git/A13/T5-G2/t5)
2024-10-15 09:39:21 [main] DEBUG com.g2.t5.T5ApplicationTests - Running with Spring Boot v3.1.1, Spring v6.0.10
2024-10-15 09:39:21 [main] INFO  com.g2.t5.T5ApplicationTests - No active profile set, falling back to 1 default profile: "default"
2024-10-15 09:39:22 [main] INFO  c.g2.Interfaces.ServiceManagerLogger - [SERVICE CREATION] Creazione del servizio: T1Service
2024-10-15 09:39:22 [main] INFO  c.g2.Interfaces.ServiceManagerLogger - [SERVICE CREATION] Creazione del servizio: T23Service
2024-10-15 09:39:22 [main] INFO  c.g2.Interfaces.ServiceManagerLogger - [SERVICE CREATION] Creazione del servizio: T4Service
2024-10-15 09:39:22 [main] INFO  c.g2.Interfaces.ServiceManagerLogger - [SERVICE CREATION] Creazione del servizio: T7Service
2024-10-15 09:39:22 [main] INFO  c.g2.Interfaces.ServiceManagerLogger - [SERVICE CREATION] Creazione del servizio: T1Service
2024-10-15 09:39:22 [main] INFO  c.g2.Interfaces.ServiceManagerLogger - [SERVICE CREATION] Creazione del servizio: T23Service
2024-10-15 09:39:22 [main] INFO  c.g2.Interfaces.ServiceManagerLogger - [SERVICE CREATION] Creazione del servizio: T4Service
2024-10-15 09:39:22 [main] INFO  c.g2.Interfaces.ServiceManagerLogger - [SERVICE CREATION] Creazione del servizio: T7Service
2024-10-15 09:39:22 [main] INFO  c.g2.Interfaces.ServiceManagerLogger - [SERVICE CREATION] Creazione del servizio: T1Service
2024-10-15 09:39:22 [main] INFO  c.g2.Interfaces.ServiceManagerLogger - [SERVICE CREATION] Creazione del servizio: T23Service
2024-10-15 09:39:22 [main] INFO  c.g2.Interfaces.ServiceManagerLogger - [SERVICE CREATION] Creazione del servizio: T4Service
2024-10-15 09:39:22 [main] INFO  c.g2.Interfaces.ServiceManagerLogger - [SERVICE CREATION] Creazione del servizio: T7Service
2024-10-15 09:39:22 [main] INFO  o.s.b.a.e.web.EndpointLinksResolver - Exposing 1 endpoint(s) beneath base path '/actuator'
2024-10-15 09:39:22 [main] INFO  com.g2.t5.T5ApplicationTests - Started T5ApplicationTests in 1.095 seconds (process running for 1.578)
2024-10-15 09:45:44 [main] INFO  com.g2.t5.T5ApplicationTests - Starting T5ApplicationTests using Java 22.0.2 with PID 2186 (started by heinecantor in /home/heinecantor/Desktop/git/A13/T5-G2/t5)
2024-10-15 09:45:44 [main] DEBUG com.g2.t5.T5ApplicationTests - Running with Spring Boot v3.1.1, Spring v6.0.10
2024-10-15 09:45:44 [main] INFO  com.g2.t5.T5ApplicationTests - No active profile set, falling back to 1 default profile: "default"
2024-10-15 09:45:45 [main] INFO  c.g2.Interfaces.ServiceManagerLogger - [SERVICE CREATION] Creazione del servizio: T1Service
2024-10-15 09:45:45 [main] INFO  c.g2.Interfaces.ServiceManagerLogger - [SERVICE CREATION] Creazione del servizio: T23Service
2024-10-15 09:45:45 [main] INFO  c.g2.Interfaces.ServiceManagerLogger - [SERVICE CREATION] Creazione del servizio: T4Service
2024-10-15 09:45:45 [main] INFO  c.g2.Interfaces.ServiceManagerLogger - [SERVICE CREATION] Creazione del servizio: T7Service
2024-10-15 09:45:45 [main] INFO  c.g2.Interfaces.ServiceManagerLogger - [SERVICE CREATION] Creazione del servizio: T1Service
2024-10-15 09:45:45 [main] INFO  c.g2.Interfaces.ServiceManagerLogger - [SERVICE CREATION] Creazione del servizio: T23Service
2024-10-15 09:45:45 [main] INFO  c.g2.Interfaces.ServiceManagerLogger - [SERVICE CREATION] Creazione del servizio: T4Service
2024-10-15 09:45:45 [main] INFO  c.g2.Interfaces.ServiceManagerLogger - [SERVICE CREATION] Creazione del servizio: T7Service
2024-10-15 09:45:45 [main] INFO  c.g2.Interfaces.ServiceManagerLogger - [SERVICE CREATION] Creazione del servizio: T1Service
2024-10-15 09:45:45 [main] INFO  c.g2.Interfaces.ServiceManagerLogger - [SERVICE CREATION] Creazione del servizio: T23Service
2024-10-15 09:45:45 [main] INFO  c.g2.Interfaces.ServiceManagerLogger - [SERVICE CREATION] Creazione del servizio: T4Service
2024-10-15 09:45:45 [main] INFO  c.g2.Interfaces.ServiceManagerLogger - [SERVICE CREATION] Creazione del servizio: T7Service
2024-10-15 09:45:45 [main] INFO  o.s.b.a.e.web.EndpointLinksResolver - Exposing 1 endpoint(s) beneath base path '/actuator'
2024-10-15 09:45:45 [main] INFO  com.g2.t5.T5ApplicationTests - Started T5ApplicationTests in 1.171 seconds (process running for 1.705)
2024-10-15 09:47:06 [main] INFO  com.g2.t5.T5ApplicationTests - Starting T5ApplicationTests using Java 22.0.2 with PID 2348 (started by heinecantor in /home/heinecantor/Desktop/git/A13/T5-G2/t5)
2024-10-15 09:47:06 [main] DEBUG com.g2.t5.T5ApplicationTests - Running with Spring Boot v3.1.1, Spring v6.0.10
2024-10-15 09:47:06 [main] INFO  com.g2.t5.T5ApplicationTests - No active profile set, falling back to 1 default profile: "default"
2024-10-15 09:47:06 [main] INFO  c.g2.Interfaces.ServiceManagerLogger - [SERVICE CREATION] Creazione del servizio: T1Service
2024-10-15 09:47:06 [main] INFO  c.g2.Interfaces.ServiceManagerLogger - [SERVICE CREATION] Creazione del servizio: T23Service
2024-10-15 09:47:06 [main] INFO  c.g2.Interfaces.ServiceManagerLogger - [SERVICE CREATION] Creazione del servizio: T4Service
2024-10-15 09:47:06 [main] INFO  c.g2.Interfaces.ServiceManagerLogger - [SERVICE CREATION] Creazione del servizio: T7Service
2024-10-15 09:47:06 [main] INFO  c.g2.Interfaces.ServiceManagerLogger - [SERVICE CREATION] Creazione del servizio: T1Service
2024-10-15 09:47:06 [main] INFO  c.g2.Interfaces.ServiceManagerLogger - [SERVICE CREATION] Creazione del servizio: T23Service
2024-10-15 09:47:06 [main] INFO  c.g2.Interfaces.ServiceManagerLogger - [SERVICE CREATION] Creazione del servizio: T4Service
2024-10-15 09:47:06 [main] INFO  c.g2.Interfaces.ServiceManagerLogger - [SERVICE CREATION] Creazione del servizio: T7Service
2024-10-15 09:47:06 [main] INFO  c.g2.Interfaces.ServiceManagerLogger - [SERVICE CREATION] Creazione del servizio: T1Service
2024-10-15 09:47:06 [main] INFO  c.g2.Interfaces.ServiceManagerLogger - [SERVICE CREATION] Creazione del servizio: T23Service
2024-10-15 09:47:06 [main] INFO  c.g2.Interfaces.ServiceManagerLogger - [SERVICE CREATION] Creazione del servizio: T4Service
2024-10-15 09:47:06 [main] INFO  c.g2.Interfaces.ServiceManagerLogger - [SERVICE CREATION] Creazione del servizio: T7Service
2024-10-15 09:47:07 [main] INFO  o.s.b.a.e.web.EndpointLinksResolver - Exposing 1 endpoint(s) beneath base path '/actuator'
2024-10-15 09:47:07 [main] INFO  com.g2.t5.T5ApplicationTests - Started T5ApplicationTests in 1.096 seconds (process running for 1.56)
2024-10-15 09:49:32 [main] INFO  com.g2.t5.T5ApplicationTests - Starting T5ApplicationTests using Java 22.0.2 with PID 2583 (started by heinecantor in /home/heinecantor/Desktop/git/A13/T5-G2/t5)
2024-10-15 09:49:32 [main] DEBUG com.g2.t5.T5ApplicationTests - Running with Spring Boot v3.1.1, Spring v6.0.10
2024-10-15 09:49:32 [main] INFO  com.g2.t5.T5ApplicationTests - No active profile set, falling back to 1 default profile: "default"
2024-10-15 09:49:33 [main] INFO  c.g2.Interfaces.ServiceManagerLogger - [SERVICE CREATION] Creazione del servizio: T1Service
2024-10-15 09:49:33 [main] INFO  c.g2.Interfaces.ServiceManagerLogger - [SERVICE CREATION] Creazione del servizio: T23Service
2024-10-15 09:49:33 [main] INFO  c.g2.Interfaces.ServiceManagerLogger - [SERVICE CREATION] Creazione del servizio: T4Service
2024-10-15 09:49:33 [main] INFO  c.g2.Interfaces.ServiceManagerLogger - [SERVICE CREATION] Creazione del servizio: T7Service
2024-10-15 09:49:33 [main] INFO  c.g2.Interfaces.ServiceManagerLogger - [SERVICE CREATION] Creazione del servizio: T1Service
2024-10-15 09:49:33 [main] INFO  c.g2.Interfaces.ServiceManagerLogger - [SERVICE CREATION] Creazione del servizio: T23Service
2024-10-15 09:49:33 [main] INFO  c.g2.Interfaces.ServiceManagerLogger - [SERVICE CREATION] Creazione del servizio: T4Service
2024-10-15 09:49:33 [main] INFO  c.g2.Interfaces.ServiceManagerLogger - [SERVICE CREATION] Creazione del servizio: T7Service
2024-10-15 09:49:33 [main] INFO  c.g2.Interfaces.ServiceManagerLogger - [SERVICE CREATION] Creazione del servizio: T1Service
2024-10-15 09:49:33 [main] INFO  c.g2.Interfaces.ServiceManagerLogger - [SERVICE CREATION] Creazione del servizio: T23Service
2024-10-15 09:49:33 [main] INFO  c.g2.Interfaces.ServiceManagerLogger - [SERVICE CREATION] Creazione del servizio: T4Service
2024-10-15 09:49:33 [main] INFO  c.g2.Interfaces.ServiceManagerLogger - [SERVICE CREATION] Creazione del servizio: T7Service
2024-10-15 09:49:33 [main] INFO  o.s.b.a.e.web.EndpointLinksResolver - Exposing 1 endpoint(s) beneath base path '/actuator'
2024-10-15 09:49:33 [main] INFO  com.g2.t5.T5ApplicationTests - Started T5ApplicationTests in 1.204 seconds (process running for 1.741)
2024-10-15 09:50:46 [main] INFO  com.g2.t5.T5ApplicationTests - Starting T5ApplicationTests using Java 22.0.2 with PID 2758 (started by heinecantor in /home/heinecantor/Desktop/git/A13/T5-G2/t5)
2024-10-15 09:50:46 [main] DEBUG com.g2.t5.T5ApplicationTests - Running with Spring Boot v3.1.1, Spring v6.0.10
2024-10-15 09:50:46 [main] INFO  com.g2.t5.T5ApplicationTests - No active profile set, falling back to 1 default profile: "default"
2024-10-15 09:50:47 [main] INFO  c.g2.Interfaces.ServiceManagerLogger - [SERVICE CREATION] Creazione del servizio: T1Service
2024-10-15 09:50:47 [main] INFO  c.g2.Interfaces.ServiceManagerLogger - [SERVICE CREATION] Creazione del servizio: T23Service
2024-10-15 09:50:47 [main] INFO  c.g2.Interfaces.ServiceManagerLogger - [SERVICE CREATION] Creazione del servizio: T4Service
2024-10-15 09:50:47 [main] INFO  c.g2.Interfaces.ServiceManagerLogger - [SERVICE CREATION] Creazione del servizio: T7Service
2024-10-15 09:50:47 [main] INFO  c.g2.Interfaces.ServiceManagerLogger - [SERVICE CREATION] Creazione del servizio: T1Service
2024-10-15 09:50:47 [main] INFO  c.g2.Interfaces.ServiceManagerLogger - [SERVICE CREATION] Creazione del servizio: T23Service
2024-10-15 09:50:47 [main] INFO  c.g2.Interfaces.ServiceManagerLogger - [SERVICE CREATION] Creazione del servizio: T4Service
2024-10-15 09:50:47 [main] INFO  c.g2.Interfaces.ServiceManagerLogger - [SERVICE CREATION] Creazione del servizio: T7Service
2024-10-15 09:50:47 [main] INFO  c.g2.Interfaces.ServiceManagerLogger - [SERVICE CREATION] Creazione del servizio: T1Service
2024-10-15 09:50:47 [main] INFO  c.g2.Interfaces.ServiceManagerLogger - [SERVICE CREATION] Creazione del servizio: T23Service
2024-10-15 09:50:47 [main] INFO  c.g2.Interfaces.ServiceManagerLogger - [SERVICE CREATION] Creazione del servizio: T4Service
2024-10-15 09:50:47 [main] INFO  c.g2.Interfaces.ServiceManagerLogger - [SERVICE CREATION] Creazione del servizio: T7Service
2024-10-15 09:50:47 [main] INFO  c.g2.Interfaces.ServiceManagerLogger - [SERVICE CREATION] Creazione del servizio: T1Service
2024-10-15 09:50:47 [main] INFO  c.g2.Interfaces.ServiceManagerLogger - [SERVICE CREATION] Creazione del servizio: T23Service
2024-10-15 09:50:47 [main] INFO  c.g2.Interfaces.ServiceManagerLogger - [SERVICE CREATION] Creazione del servizio: T4Service
2024-10-15 09:50:47 [main] INFO  c.g2.Interfaces.ServiceManagerLogger - [SERVICE CREATION] Creazione del servizio: T7Service
2024-10-15 09:50:47 [main] INFO  o.s.b.a.e.web.EndpointLinksResolver - Exposing 1 endpoint(s) beneath base path '/actuator'
2024-10-15 09:50:47 [main] INFO  com.g2.t5.T5ApplicationTests - Started T5ApplicationTests in 1.2 seconds (process running for 1.727)
2024-10-15 09:52:08 [main] INFO  com.g2.t5.T5ApplicationTests - Starting T5ApplicationTests using Java 22.0.2 with PID 2940 (started by heinecantor in /home/heinecantor/Desktop/git/A13/T5-G2/t5)
2024-10-15 09:52:08 [main] DEBUG com.g2.t5.T5ApplicationTests - Running with Spring Boot v3.1.1, Spring v6.0.10
2024-10-15 09:52:08 [main] INFO  com.g2.t5.T5ApplicationTests - No active profile set, falling back to 1 default profile: "default"
2024-10-15 09:52:09 [main] INFO  c.g2.Interfaces.ServiceManagerLogger - [SERVICE CREATION] Creazione del servizio: T1Service
2024-10-15 09:52:09 [main] INFO  c.g2.Interfaces.ServiceManagerLogger - [SERVICE CREATION] Creazione del servizio: T23Service
2024-10-15 09:52:09 [main] INFO  c.g2.Interfaces.ServiceManagerLogger - [SERVICE CREATION] Creazione del servizio: T4Service
2024-10-15 09:52:09 [main] INFO  c.g2.Interfaces.ServiceManagerLogger - [SERVICE CREATION] Creazione del servizio: T7Service
2024-10-15 09:52:09 [main] INFO  c.g2.Interfaces.ServiceManagerLogger - [SERVICE CREATION] Creazione del servizio: T1Service
2024-10-15 09:52:09 [main] INFO  c.g2.Interfaces.ServiceManagerLogger - [SERVICE CREATION] Creazione del servizio: T23Service
2024-10-15 09:52:09 [main] INFO  c.g2.Interfaces.ServiceManagerLogger - [SERVICE CREATION] Creazione del servizio: T4Service
2024-10-15 09:52:09 [main] INFO  c.g2.Interfaces.ServiceManagerLogger - [SERVICE CREATION] Creazione del servizio: T7Service
2024-10-15 09:52:09 [main] INFO  c.g2.Interfaces.ServiceManagerLogger - [SERVICE CREATION] Creazione del servizio: T1Service
2024-10-15 09:52:09 [main] INFO  c.g2.Interfaces.ServiceManagerLogger - [SERVICE CREATION] Creazione del servizio: T23Service
2024-10-15 09:52:09 [main] INFO  c.g2.Interfaces.ServiceManagerLogger - [SERVICE CREATION] Creazione del servizio: T4Service
2024-10-15 09:52:09 [main] INFO  c.g2.Interfaces.ServiceManagerLogger - [SERVICE CREATION] Creazione del servizio: T7Service
2024-10-15 09:52:09 [main] INFO  c.g2.Interfaces.ServiceManagerLogger - [SERVICE CREATION] Creazione del servizio: T1Service
2024-10-15 09:52:09 [main] INFO  c.g2.Interfaces.ServiceManagerLogger - [SERVICE CREATION] Creazione del servizio: T23Service
2024-10-15 09:52:09 [main] INFO  c.g2.Interfaces.ServiceManagerLogger - [SERVICE CREATION] Creazione del servizio: T4Service
2024-10-15 09:52:09 [main] INFO  c.g2.Interfaces.ServiceManagerLogger - [SERVICE CREATION] Creazione del servizio: T7Service
2024-10-15 09:52:09 [main] INFO  o.s.b.a.e.web.EndpointLinksResolver - Exposing 1 endpoint(s) beneath base path '/actuator'
2024-10-15 09:52:09 [main] INFO  com.g2.t5.T5ApplicationTests - Started T5ApplicationTests in 1.199 seconds (process running for 1.703)
2024-10-15 09:53:27 [main] INFO  com.g2.t5.T5ApplicationTests - Starting T5ApplicationTests using Java 22.0.2 with PID 3111 (started by heinecantor in /home/heinecantor/Desktop/git/A13/T5-G2/t5)
2024-10-15 09:53:27 [main] DEBUG com.g2.t5.T5ApplicationTests - Running with Spring Boot v3.1.1, Spring v6.0.10
2024-10-15 09:53:27 [main] INFO  com.g2.t5.T5ApplicationTests - No active profile set, falling back to 1 default profile: "default"
2024-10-15 09:53:28 [main] WARN  o.s.w.c.s.GenericWebApplicationContext - Exception encountered during context initialization - cancelling refresh attempt: org.springframework.beans.factory.BeanCreationException: Error creating bean with name 'pageBuilder' defined in file [/home/heinecantor/Desktop/git/A13/T5-G2/t5/target/classes/com/g2/Components/PageBuilder.class]: Failed to instantiate [com.g2.Components.PageBuilder]: No default constructor found
2024-10-15 09:53:28 [main] INFO  o.s.b.a.l.ConditionEvaluationReportLogger - 

Error starting ApplicationContext. To display the condition evaluation report re-run your application with 'debug' enabled.
2024-10-15 09:53:28 [main] ERROR o.s.boot.SpringApplication - Application run failed
org.springframework.beans.factory.BeanCreationException: Error creating bean with name 'pageBuilder' defined in file [/home/heinecantor/Desktop/git/A13/T5-G2/t5/target/classes/com/g2/Components/PageBuilder.class]: Failed to instantiate [com.g2.Components.PageBuilder]: No default constructor found
	at org.springframework.beans.factory.support.AbstractAutowireCapableBeanFactory.instantiateBean(AbstractAutowireCapableBeanFactory.java:1314)
	at org.springframework.beans.factory.support.AbstractAutowireCapableBeanFactory.createBeanInstance(AbstractAutowireCapableBeanFactory.java:1199)
	at org.springframework.beans.factory.support.AbstractAutowireCapableBeanFactory.doCreateBean(AbstractAutowireCapableBeanFactory.java:560)
	at org.springframework.beans.factory.support.AbstractAutowireCapableBeanFactory.createBean(AbstractAutowireCapableBeanFactory.java:520)
	at org.springframework.beans.factory.support.AbstractBeanFactory.lambda$doGetBean$0(AbstractBeanFactory.java:326)
	at org.springframework.beans.factory.support.DefaultSingletonBeanRegistry.getSingleton(DefaultSingletonBeanRegistry.java:234)
	at org.springframework.beans.factory.support.AbstractBeanFactory.doGetBean(AbstractBeanFactory.java:324)
	at org.springframework.beans.factory.support.AbstractBeanFactory.getBean(AbstractBeanFactory.java:200)
	at org.springframework.beans.factory.support.DefaultListableBeanFactory.preInstantiateSingletons(DefaultListableBeanFactory.java:973)
	at org.springframework.context.support.AbstractApplicationContext.finishBeanFactoryInitialization(AbstractApplicationContext.java:941)
	at org.springframework.context.support.AbstractApplicationContext.refresh(AbstractApplicationContext.java:608)
	at org.springframework.boot.SpringApplication.refresh(SpringApplication.java:734)
	at org.springframework.boot.SpringApplication.refreshContext(SpringApplication.java:436)
	at org.springframework.boot.SpringApplication.run(SpringApplication.java:312)
	at org.springframework.boot.test.context.SpringBootContextLoader.lambda$loadContext$3(SpringBootContextLoader.java:137)
	at org.springframework.util.function.ThrowingSupplier.get(ThrowingSupplier.java:58)
	at org.springframework.util.function.ThrowingSupplier.get(ThrowingSupplier.java:46)
	at org.springframework.boot.SpringApplication.withHook(SpringApplication.java:1406)
	at org.springframework.boot.test.context.SpringBootContextLoader$ContextLoaderHook.run(SpringBootContextLoader.java:545)
	at org.springframework.boot.test.context.SpringBootContextLoader.loadContext(SpringBootContextLoader.java:137)
	at org.springframework.boot.test.context.SpringBootContextLoader.loadContext(SpringBootContextLoader.java:108)
	at org.springframework.test.context.cache.DefaultCacheAwareContextLoaderDelegate.loadContextInternal(DefaultCacheAwareContextLoaderDelegate.java:187)
	at org.springframework.test.context.cache.DefaultCacheAwareContextLoaderDelegate.loadContext(DefaultCacheAwareContextLoaderDelegate.java:119)
	at org.springframework.test.context.support.DefaultTestContext.getApplicationContext(DefaultTestContext.java:127)
	at org.springframework.test.context.web.ServletTestExecutionListener.setUpRequestContextIfNecessary(ServletTestExecutionListener.java:191)
	at org.springframework.test.context.web.ServletTestExecutionListener.prepareTestInstance(ServletTestExecutionListener.java:130)
	at org.springframework.test.context.TestContextManager.prepareTestInstance(TestContextManager.java:241)
	at org.springframework.test.context.junit.jupiter.SpringExtension.postProcessTestInstance(SpringExtension.java:138)
	at org.junit.jupiter.engine.descriptor.ClassBasedTestDescriptor.lambda$invokeTestInstancePostProcessors$10(ClassBasedTestDescriptor.java:377)
	at org.junit.jupiter.engine.descriptor.ClassBasedTestDescriptor.executeAndMaskThrowable(ClassBasedTestDescriptor.java:382)
	at org.junit.jupiter.engine.descriptor.ClassBasedTestDescriptor.lambda$invokeTestInstancePostProcessors$11(ClassBasedTestDescriptor.java:377)
	at java.base/java.util.stream.ReferencePipeline$3$1.accept(ReferencePipeline.java:212)
	at java.base/java.util.stream.ReferencePipeline$2$1.accept(ReferencePipeline.java:194)
	at java.base/java.util.ArrayList$ArrayListSpliterator.forEachRemaining(ArrayList.java:1709)
	at java.base/java.util.stream.AbstractPipeline.copyInto(AbstractPipeline.java:556)
	at java.base/java.util.stream.AbstractPipeline.wrapAndCopyInto(AbstractPipeline.java:546)
	at java.base/java.util.stream.StreamSpliterators$WrappingSpliterator.forEachRemaining(StreamSpliterators.java:310)
	at java.base/java.util.stream.Streams$ConcatSpliterator.forEachRemaining(Streams.java:735)
	at java.base/java.util.stream.Streams$ConcatSpliterator.forEachRemaining(Streams.java:734)
	at java.base/java.util.stream.ReferencePipeline$Head.forEach(ReferencePipeline.java:782)
	at org.junit.jupiter.engine.descriptor.ClassBasedTestDescriptor.invokeTestInstancePostProcessors(ClassBasedTestDescriptor.java:376)
	at org.junit.jupiter.engine.descriptor.ClassBasedTestDescriptor.lambda$instantiateAndPostProcessTestInstance$6(ClassBasedTestDescriptor.java:289)
	at org.junit.platform.engine.support.hierarchical.ThrowableCollector.execute(ThrowableCollector.java:73)
	at org.junit.jupiter.engine.descriptor.ClassBasedTestDescriptor.instantiateAndPostProcessTestInstance(ClassBasedTestDescriptor.java:288)
	at org.junit.jupiter.engine.descriptor.ClassBasedTestDescriptor.lambda$testInstancesProvider$4(ClassBasedTestDescriptor.java:278)
	at java.base/java.util.Optional.orElseGet(Optional.java:364)
	at org.junit.jupiter.engine.descriptor.ClassBasedTestDescriptor.lambda$testInstancesProvider$5(ClassBasedTestDescriptor.java:277)
	at org.junit.jupiter.engine.execution.TestInstancesProvider.getTestInstances(TestInstancesProvider.java:31)
	at org.junit.jupiter.engine.descriptor.TestMethodTestDescriptor.lambda$prepare$0(TestMethodTestDescriptor.java:105)
	at org.junit.platform.engine.support.hierarchical.ThrowableCollector.execute(ThrowableCollector.java:73)
	at org.junit.jupiter.engine.descriptor.TestMethodTestDescriptor.prepare(TestMethodTestDescriptor.java:104)
	at org.junit.jupiter.engine.descriptor.TestMethodTestDescriptor.prepare(TestMethodTestDescriptor.java:68)
	at org.junit.platform.engine.support.hierarchical.NodeTestTask.lambda$prepare$2(NodeTestTask.java:123)
	at org.junit.platform.engine.support.hierarchical.ThrowableCollector.execute(ThrowableCollector.java:73)
	at org.junit.platform.engine.support.hierarchical.NodeTestTask.prepare(NodeTestTask.java:123)
	at org.junit.platform.engine.support.hierarchical.NodeTestTask.execute(NodeTestTask.java:90)
	at java.base/java.util.ArrayList.forEach(ArrayList.java:1597)
	at org.junit.platform.engine.support.hierarchical.SameThreadHierarchicalTestExecutorService.invokeAll(SameThreadHierarchicalTestExecutorService.java:41)
	at org.junit.platform.engine.support.hierarchical.NodeTestTask.lambda$executeRecursively$6(NodeTestTask.java:155)
	at org.junit.platform.engine.support.hierarchical.ThrowableCollector.execute(ThrowableCollector.java:73)
	at org.junit.platform.engine.support.hierarchical.NodeTestTask.lambda$executeRecursively$8(NodeTestTask.java:141)
	at org.junit.platform.engine.support.hierarchical.Node.around(Node.java:137)
	at org.junit.platform.engine.support.hierarchical.NodeTestTask.lambda$executeRecursively$9(NodeTestTask.java:139)
	at org.junit.platform.engine.support.hierarchical.ThrowableCollector.execute(ThrowableCollector.java:73)
	at org.junit.platform.engine.support.hierarchical.NodeTestTask.executeRecursively(NodeTestTask.java:138)
	at org.junit.platform.engine.support.hierarchical.NodeTestTask.execute(NodeTestTask.java:95)
	at java.base/java.util.ArrayList.forEach(ArrayList.java:1597)
	at org.junit.platform.engine.support.hierarchical.SameThreadHierarchicalTestExecutorService.invokeAll(SameThreadHierarchicalTestExecutorService.java:41)
	at org.junit.platform.engine.support.hierarchical.NodeTestTask.lambda$executeRecursively$6(NodeTestTask.java:155)
	at org.junit.platform.engine.support.hierarchical.ThrowableCollector.execute(ThrowableCollector.java:73)
	at org.junit.platform.engine.support.hierarchical.NodeTestTask.lambda$executeRecursively$8(NodeTestTask.java:141)
	at org.junit.platform.engine.support.hierarchical.Node.around(Node.java:137)
	at org.junit.platform.engine.support.hierarchical.NodeTestTask.lambda$executeRecursively$9(NodeTestTask.java:139)
	at org.junit.platform.engine.support.hierarchical.ThrowableCollector.execute(ThrowableCollector.java:73)
	at org.junit.platform.engine.support.hierarchical.NodeTestTask.executeRecursively(NodeTestTask.java:138)
	at org.junit.platform.engine.support.hierarchical.NodeTestTask.execute(NodeTestTask.java:95)
	at org.junit.platform.engine.support.hierarchical.SameThreadHierarchicalTestExecutorService.submit(SameThreadHierarchicalTestExecutorService.java:35)
	at org.junit.platform.engine.support.hierarchical.HierarchicalTestExecutor.execute(HierarchicalTestExecutor.java:57)
	at org.junit.platform.engine.support.hierarchical.HierarchicalTestEngine.execute(HierarchicalTestEngine.java:54)
	at org.junit.platform.launcher.core.EngineExecutionOrchestrator.execute(EngineExecutionOrchestrator.java:147)
	at org.junit.platform.launcher.core.EngineExecutionOrchestrator.execute(EngineExecutionOrchestrator.java:127)
	at org.junit.platform.launcher.core.EngineExecutionOrchestrator.execute(EngineExecutionOrchestrator.java:90)
	at org.junit.platform.launcher.core.EngineExecutionOrchestrator.lambda$execute$0(EngineExecutionOrchestrator.java:55)
	at org.junit.platform.launcher.core.EngineExecutionOrchestrator.withInterceptedStreams(EngineExecutionOrchestrator.java:102)
	at org.junit.platform.launcher.core.EngineExecutionOrchestrator.execute(EngineExecutionOrchestrator.java:54)
	at org.junit.platform.launcher.core.DefaultLauncher.execute(DefaultLauncher.java:114)
	at org.junit.platform.launcher.core.DefaultLauncher.execute(DefaultLauncher.java:86)
	at org.junit.platform.launcher.core.DefaultLauncherSession$DelegatingLauncher.execute(DefaultLauncherSession.java:86)
	at org.apache.maven.surefire.junitplatform.LazyLauncher.execute(LazyLauncher.java:50)
	at org.apache.maven.surefire.junitplatform.JUnitPlatformProvider.execute(JUnitPlatformProvider.java:184)
	at org.apache.maven.surefire.junitplatform.JUnitPlatformProvider.invokeAllTests(JUnitPlatformProvider.java:148)
	at org.apache.maven.surefire.junitplatform.JUnitPlatformProvider.invoke(JUnitPlatformProvider.java:122)
	at org.apache.maven.surefire.booter.ForkedBooter.runSuitesInProcess(ForkedBooter.java:385)
	at org.apache.maven.surefire.booter.ForkedBooter.execute(ForkedBooter.java:162)
	at org.apache.maven.surefire.booter.ForkedBooter.run(ForkedBooter.java:507)
	at org.apache.maven.surefire.booter.ForkedBooter.main(ForkedBooter.java:495)
Caused by: org.springframework.beans.BeanInstantiationException: Failed to instantiate [com.g2.Components.PageBuilder]: No default constructor found
	at org.springframework.beans.factory.support.SimpleInstantiationStrategy.instantiate(SimpleInstantiationStrategy.java:83)
	at org.springframework.beans.factory.support.AbstractAutowireCapableBeanFactory.instantiateBean(AbstractAutowireCapableBeanFactory.java:1308)
	... 95 common frames omitted
Caused by: java.lang.NoSuchMethodException: com.g2.Components.PageBuilder.<init>()
	at java.base/java.lang.Class.getConstructor0(Class.java:3784)
	at java.base/java.lang.Class.getDeclaredConstructor(Class.java:2955)
	at org.springframework.beans.factory.support.SimpleInstantiationStrategy.instantiate(SimpleInstantiationStrategy.java:79)
	... 96 common frames omitted
2024-10-15 09:53:28 [main] ERROR o.s.test.context.TestContextManager - Caught exception while allowing TestExecutionListener [org.springframework.test.context.web.ServletTestExecutionListener] to prepare test instance [com.g2.t5.T5ApplicationTests@109f8c7e]
java.lang.IllegalStateException: Failed to load ApplicationContext for [WebMergedContextConfiguration@31db34da testClass = com.g2.t5.T5ApplicationTests, locations = [], classes = [com.g2.t5.T5Application], contextInitializerClasses = [], activeProfiles = [], propertySourceLocations = [], propertySourceProperties = ["org.springframework.boot.test.context.SpringBootTestContextBootstrapper=true"], contextCustomizers = [org.springframework.boot.test.context.filter.ExcludeFilterContextCustomizer@2cb4893b, org.springframework.boot.test.json.DuplicateJsonObjectContextCustomizerFactory$DuplicateJsonObjectContextCustomizer@413d1baf, org.springframework.boot.test.mock.mockito.MockitoContextCustomizer@0, org.springframework.boot.test.web.client.TestRestTemplateContextCustomizer@31ea9581, org.springframework.boot.test.autoconfigure.actuate.observability.ObservabilityContextCustomizerFactory$DisableObservabilityContextCustomizer@1f, org.springframework.boot.test.autoconfigure.properties.PropertyMappingContextCustomizer@0, org.springframework.boot.test.autoconfigure.web.servlet.WebDriverContextCustomizerFactory$Customizer@25be7b63, org.springframework.boot.test.context.SpringBootTestAnnotation@ea33e903], resourceBasePath = "src/main/webapp", contextLoader = org.springframework.boot.test.context.SpringBootContextLoader, parent = null]
	at org.springframework.test.context.cache.DefaultCacheAwareContextLoaderDelegate.loadContext(DefaultCacheAwareContextLoaderDelegate.java:143)
	at org.springframework.test.context.support.DefaultTestContext.getApplicationContext(DefaultTestContext.java:127)
	at org.springframework.test.context.web.ServletTestExecutionListener.setUpRequestContextIfNecessary(ServletTestExecutionListener.java:191)
	at org.springframework.test.context.web.ServletTestExecutionListener.prepareTestInstance(ServletTestExecutionListener.java:130)
	at org.springframework.test.context.TestContextManager.prepareTestInstance(TestContextManager.java:241)
	at org.springframework.test.context.junit.jupiter.SpringExtension.postProcessTestInstance(SpringExtension.java:138)
	at org.junit.jupiter.engine.descriptor.ClassBasedTestDescriptor.lambda$invokeTestInstancePostProcessors$10(ClassBasedTestDescriptor.java:377)
	at org.junit.jupiter.engine.descriptor.ClassBasedTestDescriptor.executeAndMaskThrowable(ClassBasedTestDescriptor.java:382)
	at org.junit.jupiter.engine.descriptor.ClassBasedTestDescriptor.lambda$invokeTestInstancePostProcessors$11(ClassBasedTestDescriptor.java:377)
	at java.base/java.util.stream.ReferencePipeline$3$1.accept(ReferencePipeline.java:212)
	at java.base/java.util.stream.ReferencePipeline$2$1.accept(ReferencePipeline.java:194)
	at java.base/java.util.ArrayList$ArrayListSpliterator.forEachRemaining(ArrayList.java:1709)
	at java.base/java.util.stream.AbstractPipeline.copyInto(AbstractPipeline.java:556)
	at java.base/java.util.stream.AbstractPipeline.wrapAndCopyInto(AbstractPipeline.java:546)
	at java.base/java.util.stream.StreamSpliterators$WrappingSpliterator.forEachRemaining(StreamSpliterators.java:310)
	at java.base/java.util.stream.Streams$ConcatSpliterator.forEachRemaining(Streams.java:735)
	at java.base/java.util.stream.Streams$ConcatSpliterator.forEachRemaining(Streams.java:734)
	at java.base/java.util.stream.ReferencePipeline$Head.forEach(ReferencePipeline.java:782)
	at org.junit.jupiter.engine.descriptor.ClassBasedTestDescriptor.invokeTestInstancePostProcessors(ClassBasedTestDescriptor.java:376)
	at org.junit.jupiter.engine.descriptor.ClassBasedTestDescriptor.lambda$instantiateAndPostProcessTestInstance$6(ClassBasedTestDescriptor.java:289)
	at org.junit.platform.engine.support.hierarchical.ThrowableCollector.execute(ThrowableCollector.java:73)
	at org.junit.jupiter.engine.descriptor.ClassBasedTestDescriptor.instantiateAndPostProcessTestInstance(ClassBasedTestDescriptor.java:288)
	at org.junit.jupiter.engine.descriptor.ClassBasedTestDescriptor.lambda$testInstancesProvider$4(ClassBasedTestDescriptor.java:278)
	at java.base/java.util.Optional.orElseGet(Optional.java:364)
	at org.junit.jupiter.engine.descriptor.ClassBasedTestDescriptor.lambda$testInstancesProvider$5(ClassBasedTestDescriptor.java:277)
	at org.junit.jupiter.engine.execution.TestInstancesProvider.getTestInstances(TestInstancesProvider.java:31)
	at org.junit.jupiter.engine.descriptor.TestMethodTestDescriptor.lambda$prepare$0(TestMethodTestDescriptor.java:105)
	at org.junit.platform.engine.support.hierarchical.ThrowableCollector.execute(ThrowableCollector.java:73)
	at org.junit.jupiter.engine.descriptor.TestMethodTestDescriptor.prepare(TestMethodTestDescriptor.java:104)
	at org.junit.jupiter.engine.descriptor.TestMethodTestDescriptor.prepare(TestMethodTestDescriptor.java:68)
	at org.junit.platform.engine.support.hierarchical.NodeTestTask.lambda$prepare$2(NodeTestTask.java:123)
	at org.junit.platform.engine.support.hierarchical.ThrowableCollector.execute(ThrowableCollector.java:73)
	at org.junit.platform.engine.support.hierarchical.NodeTestTask.prepare(NodeTestTask.java:123)
	at org.junit.platform.engine.support.hierarchical.NodeTestTask.execute(NodeTestTask.java:90)
	at java.base/java.util.ArrayList.forEach(ArrayList.java:1597)
	at org.junit.platform.engine.support.hierarchical.SameThreadHierarchicalTestExecutorService.invokeAll(SameThreadHierarchicalTestExecutorService.java:41)
	at org.junit.platform.engine.support.hierarchical.NodeTestTask.lambda$executeRecursively$6(NodeTestTask.java:155)
	at org.junit.platform.engine.support.hierarchical.ThrowableCollector.execute(ThrowableCollector.java:73)
	at org.junit.platform.engine.support.hierarchical.NodeTestTask.lambda$executeRecursively$8(NodeTestTask.java:141)
	at org.junit.platform.engine.support.hierarchical.Node.around(Node.java:137)
	at org.junit.platform.engine.support.hierarchical.NodeTestTask.lambda$executeRecursively$9(NodeTestTask.java:139)
	at org.junit.platform.engine.support.hierarchical.ThrowableCollector.execute(ThrowableCollector.java:73)
	at org.junit.platform.engine.support.hierarchical.NodeTestTask.executeRecursively(NodeTestTask.java:138)
	at org.junit.platform.engine.support.hierarchical.NodeTestTask.execute(NodeTestTask.java:95)
	at java.base/java.util.ArrayList.forEach(ArrayList.java:1597)
	at org.junit.platform.engine.support.hierarchical.SameThreadHierarchicalTestExecutorService.invokeAll(SameThreadHierarchicalTestExecutorService.java:41)
	at org.junit.platform.engine.support.hierarchical.NodeTestTask.lambda$executeRecursively$6(NodeTestTask.java:155)
	at org.junit.platform.engine.support.hierarchical.ThrowableCollector.execute(ThrowableCollector.java:73)
	at org.junit.platform.engine.support.hierarchical.NodeTestTask.lambda$executeRecursively$8(NodeTestTask.java:141)
	at org.junit.platform.engine.support.hierarchical.Node.around(Node.java:137)
	at org.junit.platform.engine.support.hierarchical.NodeTestTask.lambda$executeRecursively$9(NodeTestTask.java:139)
	at org.junit.platform.engine.support.hierarchical.ThrowableCollector.execute(ThrowableCollector.java:73)
	at org.junit.platform.engine.support.hierarchical.NodeTestTask.executeRecursively(NodeTestTask.java:138)
	at org.junit.platform.engine.support.hierarchical.NodeTestTask.execute(NodeTestTask.java:95)
	at org.junit.platform.engine.support.hierarchical.SameThreadHierarchicalTestExecutorService.submit(SameThreadHierarchicalTestExecutorService.java:35)
	at org.junit.platform.engine.support.hierarchical.HierarchicalTestExecutor.execute(HierarchicalTestExecutor.java:57)
	at org.junit.platform.engine.support.hierarchical.HierarchicalTestEngine.execute(HierarchicalTestEngine.java:54)
	at org.junit.platform.launcher.core.EngineExecutionOrchestrator.execute(EngineExecutionOrchestrator.java:147)
	at org.junit.platform.launcher.core.EngineExecutionOrchestrator.execute(EngineExecutionOrchestrator.java:127)
	at org.junit.platform.launcher.core.EngineExecutionOrchestrator.execute(EngineExecutionOrchestrator.java:90)
	at org.junit.platform.launcher.core.EngineExecutionOrchestrator.lambda$execute$0(EngineExecutionOrchestrator.java:55)
	at org.junit.platform.launcher.core.EngineExecutionOrchestrator.withInterceptedStreams(EngineExecutionOrchestrator.java:102)
	at org.junit.platform.launcher.core.EngineExecutionOrchestrator.execute(EngineExecutionOrchestrator.java:54)
	at org.junit.platform.launcher.core.DefaultLauncher.execute(DefaultLauncher.java:114)
	at org.junit.platform.launcher.core.DefaultLauncher.execute(DefaultLauncher.java:86)
	at org.junit.platform.launcher.core.DefaultLauncherSession$DelegatingLauncher.execute(DefaultLauncherSession.java:86)
	at org.apache.maven.surefire.junitplatform.LazyLauncher.execute(LazyLauncher.java:50)
	at org.apache.maven.surefire.junitplatform.JUnitPlatformProvider.execute(JUnitPlatformProvider.java:184)
	at org.apache.maven.surefire.junitplatform.JUnitPlatformProvider.invokeAllTests(JUnitPlatformProvider.java:148)
	at org.apache.maven.surefire.junitplatform.JUnitPlatformProvider.invoke(JUnitPlatformProvider.java:122)
	at org.apache.maven.surefire.booter.ForkedBooter.runSuitesInProcess(ForkedBooter.java:385)
	at org.apache.maven.surefire.booter.ForkedBooter.execute(ForkedBooter.java:162)
	at org.apache.maven.surefire.booter.ForkedBooter.run(ForkedBooter.java:507)
	at org.apache.maven.surefire.booter.ForkedBooter.main(ForkedBooter.java:495)
Caused by: org.springframework.beans.factory.BeanCreationException: Error creating bean with name 'pageBuilder' defined in file [/home/heinecantor/Desktop/git/A13/T5-G2/t5/target/classes/com/g2/Components/PageBuilder.class]: Failed to instantiate [com.g2.Components.PageBuilder]: No default constructor found
	at org.springframework.beans.factory.support.AbstractAutowireCapableBeanFactory.instantiateBean(AbstractAutowireCapableBeanFactory.java:1314)
	at org.springframework.beans.factory.support.AbstractAutowireCapableBeanFactory.createBeanInstance(AbstractAutowireCapableBeanFactory.java:1199)
	at org.springframework.beans.factory.support.AbstractAutowireCapableBeanFactory.doCreateBean(AbstractAutowireCapableBeanFactory.java:560)
	at org.springframework.beans.factory.support.AbstractAutowireCapableBeanFactory.createBean(AbstractAutowireCapableBeanFactory.java:520)
	at org.springframework.beans.factory.support.AbstractBeanFactory.lambda$doGetBean$0(AbstractBeanFactory.java:326)
	at org.springframework.beans.factory.support.DefaultSingletonBeanRegistry.getSingleton(DefaultSingletonBeanRegistry.java:234)
	at org.springframework.beans.factory.support.AbstractBeanFactory.doGetBean(AbstractBeanFactory.java:324)
	at org.springframework.beans.factory.support.AbstractBeanFactory.getBean(AbstractBeanFactory.java:200)
	at org.springframework.beans.factory.support.DefaultListableBeanFactory.preInstantiateSingletons(DefaultListableBeanFactory.java:973)
	at org.springframework.context.support.AbstractApplicationContext.finishBeanFactoryInitialization(AbstractApplicationContext.java:941)
	at org.springframework.context.support.AbstractApplicationContext.refresh(AbstractApplicationContext.java:608)
	at org.springframework.boot.SpringApplication.refresh(SpringApplication.java:734)
	at org.springframework.boot.SpringApplication.refreshContext(SpringApplication.java:436)
	at org.springframework.boot.SpringApplication.run(SpringApplication.java:312)
	at org.springframework.boot.test.context.SpringBootContextLoader.lambda$loadContext$3(SpringBootContextLoader.java:137)
	at org.springframework.util.function.ThrowingSupplier.get(ThrowingSupplier.java:58)
	at org.springframework.util.function.ThrowingSupplier.get(ThrowingSupplier.java:46)
	at org.springframework.boot.SpringApplication.withHook(SpringApplication.java:1406)
	at org.springframework.boot.test.context.SpringBootContextLoader$ContextLoaderHook.run(SpringBootContextLoader.java:545)
	at org.springframework.boot.test.context.SpringBootContextLoader.loadContext(SpringBootContextLoader.java:137)
	at org.springframework.boot.test.context.SpringBootContextLoader.loadContext(SpringBootContextLoader.java:108)
	at org.springframework.test.context.cache.DefaultCacheAwareContextLoaderDelegate.loadContextInternal(DefaultCacheAwareContextLoaderDelegate.java:187)
	at org.springframework.test.context.cache.DefaultCacheAwareContextLoaderDelegate.loadContext(DefaultCacheAwareContextLoaderDelegate.java:119)
	... 73 common frames omitted
Caused by: org.springframework.beans.BeanInstantiationException: Failed to instantiate [com.g2.Components.PageBuilder]: No default constructor found
	at org.springframework.beans.factory.support.SimpleInstantiationStrategy.instantiate(SimpleInstantiationStrategy.java:83)
	at org.springframework.beans.factory.support.AbstractAutowireCapableBeanFactory.instantiateBean(AbstractAutowireCapableBeanFactory.java:1308)
	... 95 common frames omitted
Caused by: java.lang.NoSuchMethodException: com.g2.Components.PageBuilder.<init>()
	at java.base/java.lang.Class.getConstructor0(Class.java:3784)
	at java.base/java.lang.Class.getDeclaredConstructor(Class.java:2955)
	at org.springframework.beans.factory.support.SimpleInstantiationStrategy.instantiate(SimpleInstantiationStrategy.java:79)
	... 96 common frames omitted
2024-10-15 09:54:54 [main] INFO  com.g2.t5.T5ApplicationTests - Starting T5ApplicationTests using Java 22.0.2 with PID 3259 (started by heinecantor in /home/heinecantor/Desktop/git/A13/T5-G2/t5)
2024-10-15 09:54:54 [main] DEBUG com.g2.t5.T5ApplicationTests - Running with Spring Boot v3.1.1, Spring v6.0.10
2024-10-15 09:54:54 [main] INFO  com.g2.t5.T5ApplicationTests - No active profile set, falling back to 1 default profile: "default"
2024-10-15 09:54:55 [main] INFO  c.g2.Interfaces.ServiceManagerLogger - [SERVICE CREATION] Creazione del servizio: T1Service
2024-10-15 09:54:55 [main] INFO  c.g2.Interfaces.ServiceManagerLogger - [SERVICE CREATION] Creazione del servizio: T23Service
2024-10-15 09:54:55 [main] INFO  c.g2.Interfaces.ServiceManagerLogger - [SERVICE CREATION] Creazione del servizio: T4Service
2024-10-15 09:54:55 [main] INFO  c.g2.Interfaces.ServiceManagerLogger - [SERVICE CREATION] Creazione del servizio: T7Service
2024-10-15 09:54:55 [main] INFO  c.g2.Interfaces.ServiceManagerLogger - [SERVICE CREATION] Creazione del servizio: T1Service
2024-10-15 09:54:55 [main] INFO  c.g2.Interfaces.ServiceManagerLogger - [SERVICE CREATION] Creazione del servizio: T23Service
2024-10-15 09:54:55 [main] INFO  c.g2.Interfaces.ServiceManagerLogger - [SERVICE CREATION] Creazione del servizio: T4Service
2024-10-15 09:54:55 [main] INFO  c.g2.Interfaces.ServiceManagerLogger - [SERVICE CREATION] Creazione del servizio: T7Service
2024-10-15 09:54:55 [main] INFO  c.g2.Interfaces.ServiceManagerLogger - [SERVICE CREATION] Creazione del servizio: T1Service
2024-10-15 09:54:55 [main] INFO  c.g2.Interfaces.ServiceManagerLogger - [SERVICE CREATION] Creazione del servizio: T23Service
2024-10-15 09:54:55 [main] INFO  c.g2.Interfaces.ServiceManagerLogger - [SERVICE CREATION] Creazione del servizio: T4Service
2024-10-15 09:54:55 [main] INFO  c.g2.Interfaces.ServiceManagerLogger - [SERVICE CREATION] Creazione del servizio: T7Service
2024-10-15 09:54:55 [main] INFO  c.g2.Interfaces.ServiceManagerLogger - [SERVICE CREATION] Creazione del servizio: T1Service
2024-10-15 09:54:55 [main] INFO  c.g2.Interfaces.ServiceManagerLogger - [SERVICE CREATION] Creazione del servizio: T23Service
2024-10-15 09:54:55 [main] INFO  c.g2.Interfaces.ServiceManagerLogger - [SERVICE CREATION] Creazione del servizio: T4Service
2024-10-15 09:54:55 [main] INFO  c.g2.Interfaces.ServiceManagerLogger - [SERVICE CREATION] Creazione del servizio: T7Service
2024-10-15 09:54:55 [main] INFO  o.s.b.a.e.web.EndpointLinksResolver - Exposing 1 endpoint(s) beneath base path '/actuator'
2024-10-15 09:54:55 [main] INFO  com.g2.t5.T5ApplicationTests - Started T5ApplicationTests in 1.202 seconds (process running for 1.696)
2024-10-15 09:58:50 [main] INFO  com.g2.t5.T5ApplicationTests - Starting T5ApplicationTests using Java 22.0.2 with PID 3483 (started by heinecantor in /home/heinecantor/Desktop/git/A13/T5-G2/t5)
2024-10-15 09:58:50 [main] DEBUG com.g2.t5.T5ApplicationTests - Running with Spring Boot v3.1.1, Spring v6.0.10
2024-10-15 09:58:50 [main] INFO  com.g2.t5.T5ApplicationTests - No active profile set, falling back to 1 default profile: "default"
2024-10-15 09:58:50 [main] INFO  c.g2.Interfaces.ServiceManagerLogger - [SERVICE CREATION] Creazione del servizio: T1Service
2024-10-15 09:58:50 [main] INFO  c.g2.Interfaces.ServiceManagerLogger - [SERVICE CREATION] Creazione del servizio: T23Service
2024-10-15 09:58:50 [main] INFO  c.g2.Interfaces.ServiceManagerLogger - [SERVICE CREATION] Creazione del servizio: T4Service
2024-10-15 09:58:50 [main] INFO  c.g2.Interfaces.ServiceManagerLogger - [SERVICE CREATION] Creazione del servizio: T7Service
2024-10-15 09:58:50 [main] INFO  c.g2.Interfaces.ServiceManagerLogger - [SERVICE CREATION] Creazione del servizio: T1Service
2024-10-15 09:58:50 [main] INFO  c.g2.Interfaces.ServiceManagerLogger - [SERVICE CREATION] Creazione del servizio: T23Service
2024-10-15 09:58:50 [main] INFO  c.g2.Interfaces.ServiceManagerLogger - [SERVICE CREATION] Creazione del servizio: T4Service
2024-10-15 09:58:50 [main] INFO  c.g2.Interfaces.ServiceManagerLogger - [SERVICE CREATION] Creazione del servizio: T7Service
2024-10-15 09:58:50 [main] INFO  c.g2.Interfaces.ServiceManagerLogger - [SERVICE CREATION] Creazione del servizio: T1Service
2024-10-15 09:58:50 [main] INFO  c.g2.Interfaces.ServiceManagerLogger - [SERVICE CREATION] Creazione del servizio: T23Service
2024-10-15 09:58:50 [main] INFO  c.g2.Interfaces.ServiceManagerLogger - [SERVICE CREATION] Creazione del servizio: T4Service
2024-10-15 09:58:50 [main] INFO  c.g2.Interfaces.ServiceManagerLogger - [SERVICE CREATION] Creazione del servizio: T7Service
2024-10-15 09:58:50 [main] INFO  c.g2.Interfaces.ServiceManagerLogger - [SERVICE CREATION] Creazione del servizio: T1Service
2024-10-15 09:58:50 [main] INFO  c.g2.Interfaces.ServiceManagerLogger - [SERVICE CREATION] Creazione del servizio: T23Service
2024-10-15 09:58:50 [main] INFO  c.g2.Interfaces.ServiceManagerLogger - [SERVICE CREATION] Creazione del servizio: T4Service
2024-10-15 09:58:50 [main] INFO  c.g2.Interfaces.ServiceManagerLogger - [SERVICE CREATION] Creazione del servizio: T7Service
2024-10-15 09:58:51 [main] INFO  o.s.b.a.e.web.EndpointLinksResolver - Exposing 1 endpoint(s) beneath base path '/actuator'
2024-10-15 09:58:51 [main] INFO  com.g2.t5.T5ApplicationTests - Started T5ApplicationTests in 1.128 seconds (process running for 1.617)
2024-10-15 10:10:26 [main] INFO  com.g2.t5.T5ApplicationTests - Starting T5ApplicationTests using Java 22.0.2 with PID 3891 (started by heinecantor in /home/heinecantor/Desktop/git/A13/T5-G2/t5)
2024-10-15 10:10:26 [main] DEBUG com.g2.t5.T5ApplicationTests - Running with Spring Boot v3.1.1, Spring v6.0.10
2024-10-15 10:10:26 [main] INFO  com.g2.t5.T5ApplicationTests - No active profile set, falling back to 1 default profile: "default"
2024-10-15 10:10:26 [main] INFO  c.g2.Interfaces.ServiceManagerLogger - [SERVICE CREATION] Creazione del servizio: T1Service
2024-10-15 10:10:26 [main] INFO  c.g2.Interfaces.ServiceManagerLogger - [SERVICE CREATION] Creazione del servizio: T23Service
2024-10-15 10:10:26 [main] INFO  c.g2.Interfaces.ServiceManagerLogger - [SERVICE CREATION] Creazione del servizio: T4Service
2024-10-15 10:10:26 [main] INFO  c.g2.Interfaces.ServiceManagerLogger - [SERVICE CREATION] Creazione del servizio: T7Service
2024-10-15 10:10:26 [main] INFO  c.g2.Interfaces.ServiceManagerLogger - [SERVICE CREATION] Creazione del servizio: T1Service
2024-10-15 10:10:26 [main] INFO  c.g2.Interfaces.ServiceManagerLogger - [SERVICE CREATION] Creazione del servizio: T23Service
2024-10-15 10:10:26 [main] INFO  c.g2.Interfaces.ServiceManagerLogger - [SERVICE CREATION] Creazione del servizio: T4Service
2024-10-15 10:10:26 [main] INFO  c.g2.Interfaces.ServiceManagerLogger - [SERVICE CREATION] Creazione del servizio: T7Service
2024-10-15 10:10:26 [main] INFO  c.g2.Interfaces.ServiceManagerLogger - [SERVICE CREATION] Creazione del servizio: T1Service
2024-10-15 10:10:26 [main] INFO  c.g2.Interfaces.ServiceManagerLogger - [SERVICE CREATION] Creazione del servizio: T23Service
2024-10-15 10:10:26 [main] INFO  c.g2.Interfaces.ServiceManagerLogger - [SERVICE CREATION] Creazione del servizio: T4Service
2024-10-15 10:10:26 [main] INFO  c.g2.Interfaces.ServiceManagerLogger - [SERVICE CREATION] Creazione del servizio: T7Service
2024-10-15 10:10:26 [main] INFO  c.g2.Interfaces.ServiceManagerLogger - [SERVICE CREATION] Creazione del servizio: T1Service
2024-10-15 10:10:26 [main] INFO  c.g2.Interfaces.ServiceManagerLogger - [SERVICE CREATION] Creazione del servizio: T23Service
2024-10-15 10:10:26 [main] INFO  c.g2.Interfaces.ServiceManagerLogger - [SERVICE CREATION] Creazione del servizio: T4Service
2024-10-15 10:10:26 [main] INFO  c.g2.Interfaces.ServiceManagerLogger - [SERVICE CREATION] Creazione del servizio: T7Service
2024-10-15 10:10:26 [main] INFO  o.s.b.a.e.web.EndpointLinksResolver - Exposing 1 endpoint(s) beneath base path '/actuator'
2024-10-15 10:10:26 [main] INFO  com.g2.t5.T5ApplicationTests - Started T5ApplicationTests in 1.11 seconds (process running for 1.591)
2024-10-15 10:12:08 [main] INFO  com.g2.t5.T5ApplicationTests - Starting T5ApplicationTests using Java 22.0.2 with PID 4063 (started by heinecantor in /home/heinecantor/Desktop/git/A13/T5-G2/t5)
2024-10-15 10:12:08 [main] DEBUG com.g2.t5.T5ApplicationTests - Running with Spring Boot v3.1.1, Spring v6.0.10
2024-10-15 10:12:08 [main] INFO  com.g2.t5.T5ApplicationTests - No active profile set, falling back to 1 default profile: "default"
2024-10-15 10:12:08 [main] INFO  c.g2.Interfaces.ServiceManagerLogger - [SERVICE CREATION] Creazione del servizio: T1Service
2024-10-15 10:12:08 [main] INFO  c.g2.Interfaces.ServiceManagerLogger - [SERVICE CREATION] Creazione del servizio: T23Service
2024-10-15 10:12:08 [main] INFO  c.g2.Interfaces.ServiceManagerLogger - [SERVICE CREATION] Creazione del servizio: T4Service
2024-10-15 10:12:08 [main] INFO  c.g2.Interfaces.ServiceManagerLogger - [SERVICE CREATION] Creazione del servizio: T7Service
2024-10-15 10:12:08 [main] INFO  c.g2.Interfaces.ServiceManagerLogger - [SERVICE CREATION] Creazione del servizio: T1Service
2024-10-15 10:12:08 [main] INFO  c.g2.Interfaces.ServiceManagerLogger - [SERVICE CREATION] Creazione del servizio: T23Service
2024-10-15 10:12:08 [main] INFO  c.g2.Interfaces.ServiceManagerLogger - [SERVICE CREATION] Creazione del servizio: T4Service
2024-10-15 10:12:08 [main] INFO  c.g2.Interfaces.ServiceManagerLogger - [SERVICE CREATION] Creazione del servizio: T7Service
2024-10-15 10:12:08 [main] INFO  c.g2.Interfaces.ServiceManagerLogger - [SERVICE CREATION] Creazione del servizio: T1Service
2024-10-15 10:12:08 [main] INFO  c.g2.Interfaces.ServiceManagerLogger - [SERVICE CREATION] Creazione del servizio: T23Service
2024-10-15 10:12:08 [main] INFO  c.g2.Interfaces.ServiceManagerLogger - [SERVICE CREATION] Creazione del servizio: T4Service
2024-10-15 10:12:08 [main] INFO  c.g2.Interfaces.ServiceManagerLogger - [SERVICE CREATION] Creazione del servizio: T7Service
2024-10-15 10:12:08 [main] INFO  c.g2.Interfaces.ServiceManagerLogger - [SERVICE CREATION] Creazione del servizio: T1Service
2024-10-15 10:12:08 [main] INFO  c.g2.Interfaces.ServiceManagerLogger - [SERVICE CREATION] Creazione del servizio: T23Service
2024-10-15 10:12:08 [main] INFO  c.g2.Interfaces.ServiceManagerLogger - [SERVICE CREATION] Creazione del servizio: T4Service
2024-10-15 10:12:08 [main] INFO  c.g2.Interfaces.ServiceManagerLogger - [SERVICE CREATION] Creazione del servizio: T7Service
2024-10-15 10:12:09 [main] INFO  o.s.b.a.e.web.EndpointLinksResolver - Exposing 1 endpoint(s) beneath base path '/actuator'
2024-10-15 10:12:09 [main] INFO  com.g2.t5.T5ApplicationTests - Started T5ApplicationTests in 1.101 seconds (process running for 1.57)
2024-10-15 10:14:42 [main] INFO  com.g2.t5.T5ApplicationTests - Starting T5ApplicationTests using Java 22.0.2 with PID 4256 (started by heinecantor in /home/heinecantor/Desktop/git/A13/T5-G2/t5)
2024-10-15 10:14:42 [main] DEBUG com.g2.t5.T5ApplicationTests - Running with Spring Boot v3.1.1, Spring v6.0.10
2024-10-15 10:14:42 [main] INFO  com.g2.t5.T5ApplicationTests - No active profile set, falling back to 1 default profile: "default"
2024-10-15 10:14:43 [main] INFO  c.g2.Interfaces.ServiceManagerLogger - [SERVICE CREATION] Creazione del servizio: T1Service
2024-10-15 10:14:43 [main] INFO  c.g2.Interfaces.ServiceManagerLogger - [SERVICE CREATION] Creazione del servizio: T23Service
2024-10-15 10:14:43 [main] INFO  c.g2.Interfaces.ServiceManagerLogger - [SERVICE CREATION] Creazione del servizio: T4Service
2024-10-15 10:14:43 [main] INFO  c.g2.Interfaces.ServiceManagerLogger - [SERVICE CREATION] Creazione del servizio: T7Service
2024-10-15 10:14:43 [main] INFO  c.g2.Interfaces.ServiceManagerLogger - [SERVICE CREATION] Creazione del servizio: T1Service
2024-10-15 10:14:43 [main] INFO  c.g2.Interfaces.ServiceManagerLogger - [SERVICE CREATION] Creazione del servizio: T23Service
2024-10-15 10:14:43 [main] INFO  c.g2.Interfaces.ServiceManagerLogger - [SERVICE CREATION] Creazione del servizio: T4Service
2024-10-15 10:14:43 [main] INFO  c.g2.Interfaces.ServiceManagerLogger - [SERVICE CREATION] Creazione del servizio: T7Service
2024-10-15 10:14:43 [main] INFO  c.g2.Interfaces.ServiceManagerLogger - [SERVICE CREATION] Creazione del servizio: T1Service
2024-10-15 10:14:43 [main] INFO  c.g2.Interfaces.ServiceManagerLogger - [SERVICE CREATION] Creazione del servizio: T23Service
2024-10-15 10:14:43 [main] INFO  c.g2.Interfaces.ServiceManagerLogger - [SERVICE CREATION] Creazione del servizio: T4Service
2024-10-15 10:14:43 [main] INFO  c.g2.Interfaces.ServiceManagerLogger - [SERVICE CREATION] Creazione del servizio: T7Service
2024-10-15 10:14:43 [main] INFO  c.g2.Interfaces.ServiceManagerLogger - [SERVICE CREATION] Creazione del servizio: T1Service
2024-10-15 10:14:43 [main] INFO  c.g2.Interfaces.ServiceManagerLogger - [SERVICE CREATION] Creazione del servizio: T23Service
2024-10-15 10:14:43 [main] INFO  c.g2.Interfaces.ServiceManagerLogger - [SERVICE CREATION] Creazione del servizio: T4Service
2024-10-15 10:14:43 [main] INFO  c.g2.Interfaces.ServiceManagerLogger - [SERVICE CREATION] Creazione del servizio: T7Service
2024-10-15 10:14:43 [main] INFO  o.s.b.a.e.web.EndpointLinksResolver - Exposing 1 endpoint(s) beneath base path '/actuator'
2024-10-15 10:14:43 [main] INFO  com.g2.t5.T5ApplicationTests - Started T5ApplicationTests in 1.081 seconds (process running for 1.54)
2024-10-15 10:28:10 [main] INFO  com.g2.t5.T5ApplicationTests - Starting T5ApplicationTests using Java 22.0.2 with PID 4700 (started by heinecantor in /home/heinecantor/Desktop/git/A13/T5-G2/t5)
2024-10-15 10:28:10 [main] DEBUG com.g2.t5.T5ApplicationTests - Running with Spring Boot v3.1.1, Spring v6.0.10
2024-10-15 10:28:10 [main] INFO  com.g2.t5.T5ApplicationTests - No active profile set, falling back to 1 default profile: "default"
2024-10-15 10:28:10 [main] INFO  c.g2.Interfaces.ServiceManagerLogger - [SERVICE CREATION] Creazione del servizio: T1Service
2024-10-15 10:28:10 [main] INFO  c.g2.Interfaces.ServiceManagerLogger - [SERVICE CREATION] Creazione del servizio: T23Service
2024-10-15 10:28:10 [main] INFO  c.g2.Interfaces.ServiceManagerLogger - [SERVICE CREATION] Creazione del servizio: T4Service
2024-10-15 10:28:10 [main] INFO  c.g2.Interfaces.ServiceManagerLogger - [SERVICE CREATION] Creazione del servizio: T7Service
2024-10-15 10:28:10 [main] INFO  c.g2.Interfaces.ServiceManagerLogger - [SERVICE CREATION] Creazione del servizio: T1Service
2024-10-15 10:28:10 [main] INFO  c.g2.Interfaces.ServiceManagerLogger - [SERVICE CREATION] Creazione del servizio: T23Service
2024-10-15 10:28:10 [main] INFO  c.g2.Interfaces.ServiceManagerLogger - [SERVICE CREATION] Creazione del servizio: T4Service
2024-10-15 10:28:10 [main] INFO  c.g2.Interfaces.ServiceManagerLogger - [SERVICE CREATION] Creazione del servizio: T7Service
2024-10-15 10:28:10 [main] INFO  c.g2.Interfaces.ServiceManagerLogger - [SERVICE CREATION] Creazione del servizio: T1Service
2024-10-15 10:28:10 [main] INFO  c.g2.Interfaces.ServiceManagerLogger - [SERVICE CREATION] Creazione del servizio: T23Service
2024-10-15 10:28:10 [main] INFO  c.g2.Interfaces.ServiceManagerLogger - [SERVICE CREATION] Creazione del servizio: T4Service
2024-10-15 10:28:10 [main] INFO  c.g2.Interfaces.ServiceManagerLogger - [SERVICE CREATION] Creazione del servizio: T7Service
2024-10-15 10:28:10 [main] INFO  c.g2.Interfaces.ServiceManagerLogger - [SERVICE CREATION] Creazione del servizio: T1Service
2024-10-15 10:28:10 [main] INFO  c.g2.Interfaces.ServiceManagerLogger - [SERVICE CREATION] Creazione del servizio: T23Service
2024-10-15 10:28:10 [main] INFO  c.g2.Interfaces.ServiceManagerLogger - [SERVICE CREATION] Creazione del servizio: T4Service
2024-10-15 10:28:10 [main] INFO  c.g2.Interfaces.ServiceManagerLogger - [SERVICE CREATION] Creazione del servizio: T7Service
2024-10-15 10:28:10 [main] INFO  o.s.b.a.e.web.EndpointLinksResolver - Exposing 1 endpoint(s) beneath base path '/actuator'
2024-10-15 10:28:10 [main] INFO  com.g2.t5.T5ApplicationTests - Started T5ApplicationTests in 1.11 seconds (process running for 1.6)
2024-10-15 10:29:16 [main] INFO  com.g2.t5.T5ApplicationTests - Starting T5ApplicationTests using Java 22.0.2 with PID 4869 (started by heinecantor in /home/heinecantor/Desktop/git/A13/T5-G2/t5)
2024-10-15 10:29:16 [main] DEBUG com.g2.t5.T5ApplicationTests - Running with Spring Boot v3.1.1, Spring v6.0.10
2024-10-15 10:29:16 [main] INFO  com.g2.t5.T5ApplicationTests - No active profile set, falling back to 1 default profile: "default"
2024-10-15 10:29:16 [main] INFO  c.g2.Interfaces.ServiceManagerLogger - [SERVICE CREATION] Creazione del servizio: T1Service
2024-10-15 10:29:16 [main] INFO  c.g2.Interfaces.ServiceManagerLogger - [SERVICE CREATION] Creazione del servizio: T23Service
2024-10-15 10:29:16 [main] INFO  c.g2.Interfaces.ServiceManagerLogger - [SERVICE CREATION] Creazione del servizio: T4Service
2024-10-15 10:29:16 [main] INFO  c.g2.Interfaces.ServiceManagerLogger - [SERVICE CREATION] Creazione del servizio: T7Service
2024-10-15 10:29:16 [main] INFO  c.g2.Interfaces.ServiceManagerLogger - [SERVICE CREATION] Creazione del servizio: T1Service
2024-10-15 10:29:16 [main] INFO  c.g2.Interfaces.ServiceManagerLogger - [SERVICE CREATION] Creazione del servizio: T23Service
2024-10-15 10:29:16 [main] INFO  c.g2.Interfaces.ServiceManagerLogger - [SERVICE CREATION] Creazione del servizio: T4Service
2024-10-15 10:29:16 [main] INFO  c.g2.Interfaces.ServiceManagerLogger - [SERVICE CREATION] Creazione del servizio: T7Service
2024-10-15 10:29:16 [main] INFO  c.g2.Interfaces.ServiceManagerLogger - [SERVICE CREATION] Creazione del servizio: T1Service
2024-10-15 10:29:16 [main] INFO  c.g2.Interfaces.ServiceManagerLogger - [SERVICE CREATION] Creazione del servizio: T23Service
2024-10-15 10:29:16 [main] INFO  c.g2.Interfaces.ServiceManagerLogger - [SERVICE CREATION] Creazione del servizio: T4Service
2024-10-15 10:29:16 [main] INFO  c.g2.Interfaces.ServiceManagerLogger - [SERVICE CREATION] Creazione del servizio: T7Service
2024-10-15 10:29:16 [main] INFO  c.g2.Interfaces.ServiceManagerLogger - [SERVICE CREATION] Creazione del servizio: T1Service
2024-10-15 10:29:16 [main] INFO  c.g2.Interfaces.ServiceManagerLogger - [SERVICE CREATION] Creazione del servizio: T23Service
2024-10-15 10:29:16 [main] INFO  c.g2.Interfaces.ServiceManagerLogger - [SERVICE CREATION] Creazione del servizio: T4Service
2024-10-15 10:29:16 [main] INFO  c.g2.Interfaces.ServiceManagerLogger - [SERVICE CREATION] Creazione del servizio: T7Service
2024-10-15 10:29:16 [main] INFO  o.s.b.a.e.web.EndpointLinksResolver - Exposing 1 endpoint(s) beneath base path '/actuator'
2024-10-15 10:29:16 [main] INFO  com.g2.t5.T5ApplicationTests - Started T5ApplicationTests in 1.103 seconds (process running for 1.601)
2024-10-15 10:32:08 [main] INFO  com.g2.t5.T5ApplicationTests - Starting T5ApplicationTests using Java 22.0.2 with PID 5052 (started by heinecantor in /home/heinecantor/Desktop/git/A13/T5-G2/t5)
2024-10-15 10:32:08 [main] DEBUG com.g2.t5.T5ApplicationTests - Running with Spring Boot v3.1.1, Spring v6.0.10
2024-10-15 10:32:08 [main] INFO  com.g2.t5.T5ApplicationTests - No active profile set, falling back to 1 default profile: "default"
2024-10-15 10:32:09 [main] INFO  c.g2.Interfaces.ServiceManagerLogger - [SERVICE CREATION] Creazione del servizio: T1Service
2024-10-15 10:32:09 [main] INFO  c.g2.Interfaces.ServiceManagerLogger - [SERVICE CREATION] Creazione del servizio: T23Service
2024-10-15 10:32:09 [main] INFO  c.g2.Interfaces.ServiceManagerLogger - [SERVICE CREATION] Creazione del servizio: T4Service
2024-10-15 10:32:09 [main] INFO  c.g2.Interfaces.ServiceManagerLogger - [SERVICE CREATION] Creazione del servizio: T7Service
2024-10-15 10:32:09 [main] INFO  c.g2.Interfaces.ServiceManagerLogger - [SERVICE CREATION] Creazione del servizio: T1Service
2024-10-15 10:32:09 [main] INFO  c.g2.Interfaces.ServiceManagerLogger - [SERVICE CREATION] Creazione del servizio: T23Service
2024-10-15 10:32:09 [main] INFO  c.g2.Interfaces.ServiceManagerLogger - [SERVICE CREATION] Creazione del servizio: T4Service
2024-10-15 10:32:09 [main] INFO  c.g2.Interfaces.ServiceManagerLogger - [SERVICE CREATION] Creazione del servizio: T7Service
2024-10-15 10:32:09 [main] INFO  c.g2.Interfaces.ServiceManagerLogger - [SERVICE CREATION] Creazione del servizio: T1Service
2024-10-15 10:32:09 [main] INFO  c.g2.Interfaces.ServiceManagerLogger - [SERVICE CREATION] Creazione del servizio: T23Service
2024-10-15 10:32:09 [main] INFO  c.g2.Interfaces.ServiceManagerLogger - [SERVICE CREATION] Creazione del servizio: T4Service
2024-10-15 10:32:09 [main] INFO  c.g2.Interfaces.ServiceManagerLogger - [SERVICE CREATION] Creazione del servizio: T7Service
2024-10-15 10:32:09 [main] INFO  c.g2.Interfaces.ServiceManagerLogger - [SERVICE CREATION] Creazione del servizio: T1Service
2024-10-15 10:32:09 [main] INFO  c.g2.Interfaces.ServiceManagerLogger - [SERVICE CREATION] Creazione del servizio: T23Service
2024-10-15 10:32:09 [main] INFO  c.g2.Interfaces.ServiceManagerLogger - [SERVICE CREATION] Creazione del servizio: T4Service
2024-10-15 10:32:09 [main] INFO  c.g2.Interfaces.ServiceManagerLogger - [SERVICE CREATION] Creazione del servizio: T7Service
2024-10-15 10:32:09 [main] INFO  o.s.b.a.e.web.EndpointLinksResolver - Exposing 1 endpoint(s) beneath base path '/actuator'
2024-10-15 10:32:09 [main] INFO  com.g2.t5.T5ApplicationTests - Started T5ApplicationTests in 1.078 seconds (process running for 1.548)
2024-10-15 10:34:25 [main] INFO  com.g2.t5.T5ApplicationTests - Starting T5ApplicationTests using Java 22.0.2 with PID 5236 (started by heinecantor in /home/heinecantor/Desktop/git/A13/T5-G2/t5)
2024-10-15 10:34:25 [main] DEBUG com.g2.t5.T5ApplicationTests - Running with Spring Boot v3.1.1, Spring v6.0.10
2024-10-15 10:34:25 [main] INFO  com.g2.t5.T5ApplicationTests - No active profile set, falling back to 1 default profile: "default"
2024-10-15 10:34:25 [main] INFO  c.g2.Interfaces.ServiceManagerLogger - [SERVICE CREATION] Creazione del servizio: T1Service
2024-10-15 10:34:25 [main] INFO  c.g2.Interfaces.ServiceManagerLogger - [SERVICE CREATION] Creazione del servizio: T23Service
2024-10-15 10:34:25 [main] INFO  c.g2.Interfaces.ServiceManagerLogger - [SERVICE CREATION] Creazione del servizio: T4Service
2024-10-15 10:34:25 [main] INFO  c.g2.Interfaces.ServiceManagerLogger - [SERVICE CREATION] Creazione del servizio: T7Service
2024-10-15 10:34:25 [main] INFO  c.g2.Interfaces.ServiceManagerLogger - [SERVICE CREATION] Creazione del servizio: T1Service
2024-10-15 10:34:25 [main] INFO  c.g2.Interfaces.ServiceManagerLogger - [SERVICE CREATION] Creazione del servizio: T23Service
2024-10-15 10:34:25 [main] INFO  c.g2.Interfaces.ServiceManagerLogger - [SERVICE CREATION] Creazione del servizio: T4Service
2024-10-15 10:34:25 [main] INFO  c.g2.Interfaces.ServiceManagerLogger - [SERVICE CREATION] Creazione del servizio: T7Service
2024-10-15 10:34:25 [main] INFO  c.g2.Interfaces.ServiceManagerLogger - [SERVICE CREATION] Creazione del servizio: T1Service
2024-10-15 10:34:25 [main] INFO  c.g2.Interfaces.ServiceManagerLogger - [SERVICE CREATION] Creazione del servizio: T23Service
2024-10-15 10:34:25 [main] INFO  c.g2.Interfaces.ServiceManagerLogger - [SERVICE CREATION] Creazione del servizio: T4Service
2024-10-15 10:34:25 [main] INFO  c.g2.Interfaces.ServiceManagerLogger - [SERVICE CREATION] Creazione del servizio: T7Service
2024-10-15 10:34:25 [main] INFO  c.g2.Interfaces.ServiceManagerLogger - [SERVICE CREATION] Creazione del servizio: T1Service
2024-10-15 10:34:25 [main] INFO  c.g2.Interfaces.ServiceManagerLogger - [SERVICE CREATION] Creazione del servizio: T23Service
2024-10-15 10:34:25 [main] INFO  c.g2.Interfaces.ServiceManagerLogger - [SERVICE CREATION] Creazione del servizio: T4Service
2024-10-15 10:34:25 [main] INFO  c.g2.Interfaces.ServiceManagerLogger - [SERVICE CREATION] Creazione del servizio: T7Service
2024-10-15 10:34:25 [main] INFO  o.s.b.a.e.web.EndpointLinksResolver - Exposing 1 endpoint(s) beneath base path '/actuator'
2024-10-15 10:34:26 [main] INFO  com.g2.t5.T5ApplicationTests - Started T5ApplicationTests in 1.098 seconds (process running for 1.574)
2024-10-15 10:38:48 [main] INFO  com.g2.t5.T5ApplicationTests - Starting T5ApplicationTests using Java 22.0.2 with PID 5455 (started by heinecantor in /home/heinecantor/Desktop/git/A13/T5-G2/t5)
2024-10-15 10:38:48 [main] DEBUG com.g2.t5.T5ApplicationTests - Running with Spring Boot v3.1.1, Spring v6.0.10
2024-10-15 10:38:48 [main] INFO  com.g2.t5.T5ApplicationTests - No active profile set, falling back to 1 default profile: "default"
2024-10-15 10:38:49 [main] INFO  c.g2.Interfaces.ServiceManagerLogger - [SERVICE CREATION] Creazione del servizio: T1Service
2024-10-15 10:38:49 [main] INFO  c.g2.Interfaces.ServiceManagerLogger - [SERVICE CREATION] Creazione del servizio: T23Service
2024-10-15 10:38:49 [main] INFO  c.g2.Interfaces.ServiceManagerLogger - [SERVICE CREATION] Creazione del servizio: T4Service
2024-10-15 10:38:49 [main] INFO  c.g2.Interfaces.ServiceManagerLogger - [SERVICE CREATION] Creazione del servizio: T7Service
2024-10-15 10:38:49 [main] INFO  c.g2.Interfaces.ServiceManagerLogger - [SERVICE CREATION] Creazione del servizio: T1Service
2024-10-15 10:38:49 [main] INFO  c.g2.Interfaces.ServiceManagerLogger - [SERVICE CREATION] Creazione del servizio: T23Service
2024-10-15 10:38:49 [main] INFO  c.g2.Interfaces.ServiceManagerLogger - [SERVICE CREATION] Creazione del servizio: T4Service
2024-10-15 10:38:49 [main] INFO  c.g2.Interfaces.ServiceManagerLogger - [SERVICE CREATION] Creazione del servizio: T7Service
2024-10-15 10:38:49 [main] INFO  c.g2.Interfaces.ServiceManagerLogger - [SERVICE CREATION] Creazione del servizio: T1Service
2024-10-15 10:38:49 [main] INFO  c.g2.Interfaces.ServiceManagerLogger - [SERVICE CREATION] Creazione del servizio: T23Service
2024-10-15 10:38:49 [main] INFO  c.g2.Interfaces.ServiceManagerLogger - [SERVICE CREATION] Creazione del servizio: T4Service
2024-10-15 10:38:49 [main] INFO  c.g2.Interfaces.ServiceManagerLogger - [SERVICE CREATION] Creazione del servizio: T7Service
2024-10-15 10:38:49 [main] INFO  c.g2.Interfaces.ServiceManagerLogger - [SERVICE CREATION] Creazione del servizio: T1Service
2024-10-15 10:38:49 [main] INFO  c.g2.Interfaces.ServiceManagerLogger - [SERVICE CREATION] Creazione del servizio: T23Service
2024-10-15 10:38:49 [main] INFO  c.g2.Interfaces.ServiceManagerLogger - [SERVICE CREATION] Creazione del servizio: T4Service
2024-10-15 10:38:49 [main] INFO  c.g2.Interfaces.ServiceManagerLogger - [SERVICE CREATION] Creazione del servizio: T7Service
2024-10-15 10:38:49 [main] INFO  o.s.b.a.e.web.EndpointLinksResolver - Exposing 1 endpoint(s) beneath base path '/actuator'
2024-10-15 10:38:49 [main] INFO  com.g2.t5.T5ApplicationTests - Started T5ApplicationTests in 1.062 seconds (process running for 1.522)
2024-10-15 10:45:07 [main] INFO  com.g2.t5.T5ApplicationTests - Starting T5ApplicationTests using Java 22.0.2 with PID 5778 (started by heinecantor in /home/heinecantor/Desktop/git/A13/T5-G2/t5)
2024-10-15 10:45:07 [main] DEBUG com.g2.t5.T5ApplicationTests - Running with Spring Boot v3.1.1, Spring v6.0.10
2024-10-15 10:45:07 [main] INFO  com.g2.t5.T5ApplicationTests - No active profile set, falling back to 1 default profile: "default"
2024-10-15 10:45:07 [main] INFO  c.g2.Interfaces.ServiceManagerLogger - [SERVICE CREATION] Creazione del servizio: T1Service
2024-10-15 10:45:07 [main] INFO  c.g2.Interfaces.ServiceManagerLogger - [SERVICE CREATION] Creazione del servizio: T23Service
2024-10-15 10:45:07 [main] INFO  c.g2.Interfaces.ServiceManagerLogger - [SERVICE CREATION] Creazione del servizio: T4Service
2024-10-15 10:45:07 [main] INFO  c.g2.Interfaces.ServiceManagerLogger - [SERVICE CREATION] Creazione del servizio: T7Service
2024-10-15 10:45:07 [main] INFO  c.g2.Interfaces.ServiceManagerLogger - [SERVICE CREATION] Creazione del servizio: T1Service
2024-10-15 10:45:07 [main] INFO  c.g2.Interfaces.ServiceManagerLogger - [SERVICE CREATION] Creazione del servizio: T23Service
2024-10-15 10:45:07 [main] INFO  c.g2.Interfaces.ServiceManagerLogger - [SERVICE CREATION] Creazione del servizio: T4Service
2024-10-15 10:45:07 [main] INFO  c.g2.Interfaces.ServiceManagerLogger - [SERVICE CREATION] Creazione del servizio: T7Service
2024-10-15 10:45:07 [main] INFO  c.g2.Interfaces.ServiceManagerLogger - [SERVICE CREATION] Creazione del servizio: T1Service
2024-10-15 10:45:07 [main] INFO  c.g2.Interfaces.ServiceManagerLogger - [SERVICE CREATION] Creazione del servizio: T23Service
2024-10-15 10:45:07 [main] INFO  c.g2.Interfaces.ServiceManagerLogger - [SERVICE CREATION] Creazione del servizio: T4Service
2024-10-15 10:45:07 [main] INFO  c.g2.Interfaces.ServiceManagerLogger - [SERVICE CREATION] Creazione del servizio: T7Service
2024-10-15 10:45:07 [main] INFO  c.g2.Interfaces.ServiceManagerLogger - [SERVICE CREATION] Creazione del servizio: T1Service
2024-10-15 10:45:07 [main] INFO  c.g2.Interfaces.ServiceManagerLogger - [SERVICE CREATION] Creazione del servizio: T23Service
2024-10-15 10:45:07 [main] INFO  c.g2.Interfaces.ServiceManagerLogger - [SERVICE CREATION] Creazione del servizio: T4Service
2024-10-15 10:45:07 [main] INFO  c.g2.Interfaces.ServiceManagerLogger - [SERVICE CREATION] Creazione del servizio: T7Service
2024-10-15 10:45:08 [main] INFO  o.s.b.a.e.web.EndpointLinksResolver - Exposing 1 endpoint(s) beneath base path '/actuator'
2024-10-15 10:45:08 [main] INFO  com.g2.t5.T5ApplicationTests - Started T5ApplicationTests in 1.053 seconds (process running for 1.508)
